This file contains any messages produced by compilers while
running configure, to aid debugging if configure makes a mistake.

It was created by libassuan configure 2.1.0, which was
generated by GNU Autoconf 2.69.  Invocation command line was

  $ ./configure --enable-static

## --------- ##
## Platform. ##
## --------- ##

hostname = canttouchthis
uname -m = i686
uname -r = 3.8.0-19-generic
uname -s = Linux
uname -v = #29-Ubuntu SMP Wed Apr 17 18:19:42 UTC 2013

/usr/bin/uname -p = unknown
/bin/uname -X     = unknown

/bin/arch              = unknown
/usr/bin/arch -k       = unknown
/usr/convex/getsysinfo = unknown
/usr/bin/hostinfo      = unknown
/bin/machine           = unknown
/usr/bin/oslevel       = unknown
/bin/universe          = unknown

PATH: /home/manuel/lib/clang+llvm-3.2-x86-linux-ubuntu-12.04/bin
PATH: /home/manuel/lib/emscripten/
PATH: /var/lib/gems/1.8/bin
PATH: /home/manuel/bin
PATH: /usr/lib/lightdm/lightdm
PATH: /usr/local/sbin
PATH: /usr/local/bin
PATH: /usr/sbin
PATH: /usr/bin
PATH: /sbin
PATH: /bin
PATH: /usr/games
PATH: /usr/local/games


## ----------- ##
## Core tests. ##
## ----------- ##

configure:2518: checking for a BSD-compatible install
configure:2586: result: /usr/bin/install -c
configure:2597: checking whether build environment is sane
configure:2647: result: yes
configure:2788: checking for a thread-safe mkdir -p
configure:2827: result: /bin/mkdir -p
configure:2840: checking for gawk
configure:2870: result: no
configure:2840: checking for mawk
configure:2856: found /usr/bin/mawk
configure:2867: result: mawk
configure:2878: checking whether make sets $(MAKE)
configure:2900: result: yes
configure:2981: checking whether to enable maintainer-specific portions of Makefiles
configure:2990: result: no
configure:3011: checking build system type
configure:3025: result: i686-pc-linux-gnu
configure:3045: checking host system type
configure:3058: result: i686-pc-linux-gnu
configure:3082: autobuild project... libassuan
configure:3084: autobuild revision... 2.1.0
configure:3088: autobuild hostname... canttouchthis
configure:3097: autobuild timestamp... 20130505-175503
configure:3114: checking for style of include used by make
configure:3142: result: GNU
configure:3213: checking for gcc
configure:3240: result: /home/manuel/lib/emscripten/emcc
configure:3469: checking for C compiler version
configure:3478: /home/manuel/lib/emscripten/emcc --version >&5
emcc (Emscripten GCC-like replacement) 1.3.1 (commit 68760ff153ef0835f72facf4d6ad07e5bae23b72)
Copyright (C) 2013 the Emscripten authors (see AUTHORS.txt)
This is free and open source software under the MIT license.
There is NO warranty; not even for MERCHANTABILITY or FITNESS FOR A PARTICULAR PURPOSE.
  
configure:3489: $? = 0
configure:3478: /home/manuel/lib/emscripten/emcc -v >&5
emcc (Emscripten GCC-like replacement + linker emulating GNU ld ) 2.0
clang version 3.2 (tags/RELEASE_32/final)
Target: i386-pc-linux-gnu
Thread model: posix
configure:3489: $? = 0
configure:3478: /home/manuel/lib/emscripten/emcc -V >&5
clang: error: unsupported option '-V -nostdinc'
clang: error: no input files
configure:3489: $? = 1
configure:3478: /home/manuel/lib/emscripten/emcc -qversion >&5
clang: error: no input files
configure:3489: $? = 1
configure:3509: checking whether the C compiler works
configure:3531: /home/manuel/lib/emscripten/emcc  -I/home/manuel/Projekte/unix-toolbox.js/modules/libassuan/src/../../libgpg-error/src/src/  conftest.c  >&5
configure:3535: $? = 0
configure:3583: result: yes
configure:3586: checking for C compiler default output file name
configure:3588: result: a.out
configure:3594: checking for suffix of executables
configure:3601: /home/manuel/lib/emscripten/emcc -o conftest  -I/home/manuel/Projekte/unix-toolbox.js/modules/libassuan/src/../../libgpg-error/src/src/  conftest.c  >&5
configure:3605: $? = 0
configure:3627: result: 
configure:3649: checking whether we are cross compiling
configure:3657: /home/manuel/lib/emscripten/emcc -o conftest  -I/home/manuel/Projekte/unix-toolbox.js/modules/libassuan/src/../../libgpg-error/src/src/  conftest.c  >&5
configure:3661: $? = 0
configure:3668: ./conftest
configure:3672: $? = 0
configure:3687: result: no
configure:3692: checking for suffix of object files
configure:3714: /home/manuel/lib/emscripten/emcc -c  -I/home/manuel/Projekte/unix-toolbox.js/modules/libassuan/src/../../libgpg-error/src/src/ conftest.c >&5
configure:3718: $? = 0
configure:3739: result: o
configure:3743: checking whether we are using the GNU C compiler
configure:3762: /home/manuel/lib/emscripten/emcc -c  -I/home/manuel/Projekte/unix-toolbox.js/modules/libassuan/src/../../libgpg-error/src/src/ conftest.c >&5
configure:3762: $? = 0
configure:3771: result: yes
configure:3780: checking whether /home/manuel/lib/emscripten/emcc accepts -g
configure:3800: /home/manuel/lib/emscripten/emcc -c -g -I/home/manuel/Projekte/unix-toolbox.js/modules/libassuan/src/../../libgpg-error/src/src/ conftest.c >&5
configure:3800: $? = 0
configure:3841: result: yes
configure:3858: checking for /home/manuel/lib/emscripten/emcc option to accept ISO C89
configure:3921: /home/manuel/lib/emscripten/emcc  -c  -I/home/manuel/Projekte/unix-toolbox.js/modules/libassuan/src/../../libgpg-error/src/src/ conftest.c >&5
configure:3921: $? = 0
configure:3934: result: none needed
configure:3956: checking dependency style of /home/manuel/lib/emscripten/emcc
configure:4067: result: gcc3
configure:4088: checking how to run the C preprocessor
configure:4119: /home/manuel/lib/emscripten/emcc -E -I/home/manuel/Projekte/unix-toolbox.js/modules/libassuan/src/../../libgpg-error/src/src/ conftest.c
configure:4119: $? = 0
configure:4133: /home/manuel/lib/emscripten/emcc -E -I/home/manuel/Projekte/unix-toolbox.js/modules/libassuan/src/../../libgpg-error/src/src/ conftest.c
conftest.c:11:10: fatal error: 'ac_nonexistent.h' file not found
#include <ac_nonexistent.h>
         ^
1 error generated.
configure:4133: $? = 1
configure: failed program was:
| /* confdefs.h */
| #define PACKAGE_NAME "libassuan"
| #define PACKAGE_TARNAME "libassuan"
| #define PACKAGE_VERSION "2.1.0"
| #define PACKAGE_STRING "libassuan 2.1.0"
| #define PACKAGE_BUGREPORT "http://bugs.gnupg.org"
| #define PACKAGE_URL ""
| #define PACKAGE "libassuan"
| #define VERSION "2.1.0"
| /* end confdefs.h.  */
| #include <ac_nonexistent.h>
configure:4158: result: /home/manuel/lib/emscripten/emcc -E
configure:4178: /home/manuel/lib/emscripten/emcc -E -I/home/manuel/Projekte/unix-toolbox.js/modules/libassuan/src/../../libgpg-error/src/src/ conftest.c
configure:4178: $? = 0
configure:4192: /home/manuel/lib/emscripten/emcc -E -I/home/manuel/Projekte/unix-toolbox.js/modules/libassuan/src/../../libgpg-error/src/src/ conftest.c
conftest.c:11:10: fatal error: 'ac_nonexistent.h' file not found
#include <ac_nonexistent.h>
         ^
1 error generated.
configure:4192: $? = 1
configure: failed program was:
| /* confdefs.h */
| #define PACKAGE_NAME "libassuan"
| #define PACKAGE_TARNAME "libassuan"
| #define PACKAGE_VERSION "2.1.0"
| #define PACKAGE_STRING "libassuan 2.1.0"
| #define PACKAGE_BUGREPORT "http://bugs.gnupg.org"
| #define PACKAGE_URL ""
| #define PACKAGE "libassuan"
| #define VERSION "2.1.0"
| /* end confdefs.h.  */
| #include <ac_nonexistent.h>
configure:4221: checking for grep that handles long lines and -e
configure:4279: result: /bin/grep
configure:4284: checking for egrep
configure:4346: result: /bin/grep -E
configure:4351: checking for ANSI C header files
configure:4371: /home/manuel/lib/emscripten/emcc -c  -I/home/manuel/Projekte/unix-toolbox.js/modules/libassuan/src/../../libgpg-error/src/src/ conftest.c >&5
configure:4371: $? = 0
configure:4444: /home/manuel/lib/emscripten/emcc -o conftest  -I/home/manuel/Projekte/unix-toolbox.js/modules/libassuan/src/../../libgpg-error/src/src/  conftest.c  >&5
configure:4444: $? = 0
configure:4444: ./conftest
configure:4444: $? = 0
configure:4455: result: yes
configure:4468: checking for sys/types.h
configure:4468: /home/manuel/lib/emscripten/emcc -c  -I/home/manuel/Projekte/unix-toolbox.js/modules/libassuan/src/../../libgpg-error/src/src/ conftest.c >&5
configure:4468: $? = 0
configure:4468: result: yes
configure:4468: checking for sys/stat.h
configure:4468: /home/manuel/lib/emscripten/emcc -c  -I/home/manuel/Projekte/unix-toolbox.js/modules/libassuan/src/../../libgpg-error/src/src/ conftest.c >&5
configure:4468: $? = 0
configure:4468: result: yes
configure:4468: checking for stdlib.h
configure:4468: /home/manuel/lib/emscripten/emcc -c  -I/home/manuel/Projekte/unix-toolbox.js/modules/libassuan/src/../../libgpg-error/src/src/ conftest.c >&5
configure:4468: $? = 0
configure:4468: result: yes
configure:4468: checking for string.h
configure:4468: /home/manuel/lib/emscripten/emcc -c  -I/home/manuel/Projekte/unix-toolbox.js/modules/libassuan/src/../../libgpg-error/src/src/ conftest.c >&5
configure:4468: $? = 0
configure:4468: result: yes
configure:4468: checking for memory.h
configure:4468: /home/manuel/lib/emscripten/emcc -c  -I/home/manuel/Projekte/unix-toolbox.js/modules/libassuan/src/../../libgpg-error/src/src/ conftest.c >&5
configure:4468: $? = 0
configure:4468: result: yes
configure:4468: checking for strings.h
configure:4468: /home/manuel/lib/emscripten/emcc -c  -I/home/manuel/Projekte/unix-toolbox.js/modules/libassuan/src/../../libgpg-error/src/src/ conftest.c >&5
configure:4468: $? = 0
configure:4468: result: yes
configure:4468: checking for inttypes.h
configure:4468: /home/manuel/lib/emscripten/emcc -c  -I/home/manuel/Projekte/unix-toolbox.js/modules/libassuan/src/../../libgpg-error/src/src/ conftest.c >&5
configure:4468: $? = 0
configure:4468: result: yes
configure:4468: checking for stdint.h
configure:4468: /home/manuel/lib/emscripten/emcc -c  -I/home/manuel/Projekte/unix-toolbox.js/modules/libassuan/src/../../libgpg-error/src/src/ conftest.c >&5
configure:4468: $? = 0
configure:4468: result: yes
configure:4468: checking for unistd.h
configure:4468: /home/manuel/lib/emscripten/emcc -c  -I/home/manuel/Projekte/unix-toolbox.js/modules/libassuan/src/../../libgpg-error/src/src/ conftest.c >&5
configure:4468: $? = 0
configure:4468: result: yes
configure:4481: checking minix/config.h usability
configure:4481: /home/manuel/lib/emscripten/emcc -c  -I/home/manuel/Projekte/unix-toolbox.js/modules/libassuan/src/../../libgpg-error/src/src/ conftest.c >&5
conftest.c:54:10: fatal error: 'minix/config.h' file not found
#include <minix/config.h>
         ^
1 error generated.
configure:4481: $? = 1
configure: failed program was:
| /* confdefs.h */
| #define PACKAGE_NAME "libassuan"
| #define PACKAGE_TARNAME "libassuan"
| #define PACKAGE_VERSION "2.1.0"
| #define PACKAGE_STRING "libassuan 2.1.0"
| #define PACKAGE_BUGREPORT "http://bugs.gnupg.org"
| #define PACKAGE_URL ""
| #define PACKAGE "libassuan"
| #define VERSION "2.1.0"
| #define STDC_HEADERS 1
| #define HAVE_SYS_TYPES_H 1
| #define HAVE_SYS_STAT_H 1
| #define HAVE_STDLIB_H 1
| #define HAVE_STRING_H 1
| #define HAVE_MEMORY_H 1
| #define HAVE_STRINGS_H 1
| #define HAVE_INTTYPES_H 1
| #define HAVE_STDINT_H 1
| #define HAVE_UNISTD_H 1
| /* end confdefs.h.  */
| #include <stdio.h>
| #ifdef HAVE_SYS_TYPES_H
| # include <sys/types.h>
| #endif
| #ifdef HAVE_SYS_STAT_H
| # include <sys/stat.h>
| #endif
| #ifdef STDC_HEADERS
| # include <stdlib.h>
| # include <stddef.h>
| #else
| # ifdef HAVE_STDLIB_H
| #  include <stdlib.h>
| # endif
| #endif
| #ifdef HAVE_STRING_H
| # if !defined STDC_HEADERS && defined HAVE_MEMORY_H
| #  include <memory.h>
| # endif
| # include <string.h>
| #endif
| #ifdef HAVE_STRINGS_H
| # include <strings.h>
| #endif
| #ifdef HAVE_INTTYPES_H
| # include <inttypes.h>
| #endif
| #ifdef HAVE_STDINT_H
| # include <stdint.h>
| #endif
| #ifdef HAVE_UNISTD_H
| # include <unistd.h>
| #endif
| #include <minix/config.h>
configure:4481: result: no
configure:4481: checking minix/config.h presence
configure:4481: /home/manuel/lib/emscripten/emcc -E -I/home/manuel/Projekte/unix-toolbox.js/modules/libassuan/src/../../libgpg-error/src/src/ conftest.c
conftest.c:21:10: fatal error: 'minix/config.h' file not found
#include <minix/config.h>
         ^
1 error generated.
configure:4481: $? = 1
configure: failed program was:
| /* confdefs.h */
| #define PACKAGE_NAME "libassuan"
| #define PACKAGE_TARNAME "libassuan"
| #define PACKAGE_VERSION "2.1.0"
| #define PACKAGE_STRING "libassuan 2.1.0"
| #define PACKAGE_BUGREPORT "http://bugs.gnupg.org"
| #define PACKAGE_URL ""
| #define PACKAGE "libassuan"
| #define VERSION "2.1.0"
| #define STDC_HEADERS 1
| #define HAVE_SYS_TYPES_H 1
| #define HAVE_SYS_STAT_H 1
| #define HAVE_STDLIB_H 1
| #define HAVE_STRING_H 1
| #define HAVE_MEMORY_H 1
| #define HAVE_STRINGS_H 1
| #define HAVE_INTTYPES_H 1
| #define HAVE_STDINT_H 1
| #define HAVE_UNISTD_H 1
| /* end confdefs.h.  */
| #include <minix/config.h>
configure:4481: result: no
configure:4481: checking for minix/config.h
configure:4481: result: no
configure:4502: checking whether it is safe to define __EXTENSIONS__
configure:4520: /home/manuel/lib/emscripten/emcc -c  -I/home/manuel/Projekte/unix-toolbox.js/modules/libassuan/src/../../libgpg-error/src/src/ conftest.c >&5
configure:4520: $? = 0
configure:4527: result: yes
configure:4613: checking how to print strings
configure:4640: result: printf
configure:4661: checking for a sed that does not truncate output
configure:4725: result: /bin/sed
configure:4743: checking for fgrep
configure:4805: result: /bin/grep -F
configure:4840: checking for ld used by /home/manuel/lib/emscripten/emcc
configure:4907: result: /home/manuel/lib/emscripten/emcc
configure:4914: checking if the linker (/home/manuel/lib/emscripten/emcc) is GNU ld
configure:4929: result: yes
configure:4941: checking for BSD- or MS-compatible name lister (nm)
configure:4990: result: /usr/bin/nm -B
configure:5120: checking the name lister (/usr/bin/nm -B) interface
configure:5127: /home/manuel/lib/emscripten/emcc -c  -I/home/manuel/Projekte/unix-toolbox.js/modules/libassuan/src/../../libgpg-error/src/src/ conftest.c >&5
configure:5130: /usr/bin/nm -B "conftest.o"
configure:5133: output
00000000 B some_variable
configure:5140: result: BSD nm
configure:5143: checking whether ln -s works
configure:5147: result: yes
configure:5155: checking the maximum length of command line arguments
configure:5280: result: 1572864
configure:5297: checking whether the shell understands some XSI constructs
configure:5307: result: yes
configure:5311: checking whether the shell understands "+="
configure:5317: result: yes
configure:5352: checking how to convert i686-pc-linux-gnu file names to i686-pc-linux-gnu format
configure:5392: result: func_convert_file_noop
configure:5399: checking how to convert i686-pc-linux-gnu file names to toolchain format
configure:5419: result: func_convert_file_noop
configure:5426: checking for /home/manuel/lib/emscripten/emcc option to reload object files
configure:5433: result: -r
configure:5507: checking for objdump
configure:5523: found /usr/bin/objdump
configure:5534: result: objdump
configure:5563: checking how to recognize dependent libraries
configure:5765: result: pass_all
configure:5850: checking for dlltool
configure:5880: result: no
configure:5907: checking how to associate runtime and link libraries
configure:5934: result: printf %s\n
configure:6058: checking for archiver @FILE support
configure:6075: /home/manuel/lib/emscripten/emcc -c  -I/home/manuel/Projekte/unix-toolbox.js/modules/libassuan/src/../../libgpg-error/src/src/ conftest.c >&5
configure:6075: $? = 0
configure:6078: /home/manuel/lib/emscripten/emar cru libconftest.a @conftest.lst >&5
configure:6081: $? = 0
configure:6086: /home/manuel/lib/emscripten/emar cru libconftest.a @conftest.lst >&5
/home/manuel/lib/clang+llvm-3.2-x86-linux-ubuntu-12.04/bin/llvm-ar: File does not exist: conftest.o

configure:6089: $? = 0
configure:6101: result: no
configure:6159: checking for strip
configure:6175: found /usr/bin/strip
configure:6186: result: strip
configure:6258: checking for ranlib
configure:6285: result: /home/manuel/lib/emscripten/emranlib
configure:6387: checking command to parse /usr/bin/nm -B output from /home/manuel/lib/emscripten/emcc object
configure:6506: /home/manuel/lib/emscripten/emcc -c  -I/home/manuel/Projekte/unix-toolbox.js/modules/libassuan/src/../../libgpg-error/src/src/ conftest.c >&5
configure:6509: $? = 0
configure:6513: /usr/bin/nm -B conftest.o \| sed -n -e 's/^.*[ ]\([ABCDGIRSTW][ABCDGIRSTW]*\)[ ][ ]*\([_A-Za-z][_A-Za-z0-9]*\)$/\1 \2 \2/p' | sed '/ __gnu_lto/d' \> conftest.nm
configure:6516: $? = 0
configure:6582: /home/manuel/lib/emscripten/emcc -o conftest  -I/home/manuel/Projekte/unix-toolbox.js/modules/libassuan/src/../../libgpg-error/src/src/  conftest.c conftstm.o >&5
configure:6585: $? = 0
configure:6623: result: ok
configure:6660: checking for sysroot
configure:6690: result: no
configure:6933: checking for mt
configure:6949: found /bin/mt
configure:6960: result: mt
configure:6983: checking if mt is a manifest tool
configure:6989: mt '-?'
configure:6997: result: no
configure:7626: checking for dlfcn.h
configure:7626: /home/manuel/lib/emscripten/emcc -c  -I/home/manuel/Projekte/unix-toolbox.js/modules/libassuan/src/../../libgpg-error/src/src/ conftest.c >&5
configure:7626: $? = 0
configure:7626: result: yes
configure:8110: checking for objdir
configure:8125: result: .libs
configure:8396: checking if /home/manuel/lib/emscripten/emcc supports -fno-rtti -fno-exceptions
configure:8414: /home/manuel/lib/emscripten/emcc -c  -I/home/manuel/Projekte/unix-toolbox.js/modules/libassuan/src/../../libgpg-error/src/src/ -fno-rtti -fno-exceptions conftest.c >&5
configure:8418: $? = 0
configure:8431: result: yes
configure:8741: checking for /home/manuel/lib/emscripten/emcc option to produce PIC
configure:8748: result: -fPIC -DPIC
configure:8756: checking if /home/manuel/lib/emscripten/emcc PIC flag -fPIC -DPIC works
configure:8774: /home/manuel/lib/emscripten/emcc -c  -I/home/manuel/Projekte/unix-toolbox.js/modules/libassuan/src/../../libgpg-error/src/src/ -fPIC -DPIC -DPIC conftest.c >&5
configure:8778: $? = 0
configure:8791: result: yes
configure:8820: checking if /home/manuel/lib/emscripten/emcc static flag -static works
configure:8848: result: yes
configure:8863: checking if /home/manuel/lib/emscripten/emcc supports -c -o file.o
configure:8884: /home/manuel/lib/emscripten/emcc -c  -I/home/manuel/Projekte/unix-toolbox.js/modules/libassuan/src/../../libgpg-error/src/src/ -o out/conftest2.o conftest.c >&5
configure:8888: $? = 0
configure:8910: result: yes
configure:8918: checking if /home/manuel/lib/emscripten/emcc supports -c -o file.o
configure:8965: result: yes
configure:8998: checking whether the /home/manuel/lib/emscripten/emcc linker (/home/manuel/lib/emscripten/emcc) supports shared libraries
configure:10160: result: yes
configure:10197: checking whether -lc should be explicitly linked in
configure:10205: /home/manuel/lib/emscripten/emcc -c  -I/home/manuel/Projekte/unix-toolbox.js/modules/libassuan/src/../../libgpg-error/src/src/ conftest.c >&5
configure:10208: $? = 0
configure:10223: /home/manuel/lib/emscripten/emcc -shared  -fPIC -DPIC conftest.o  -v -Wl,-soname -Wl,conftest -o conftest 2\>\&1 \| /bin/grep  -lc  \>/dev/null 2\>\&1
configure:10226: $? = 0
configure:10240: result: no
configure:10405: checking dynamic linker characteristics
configure:10920: /home/manuel/lib/emscripten/emcc -o conftest  -I/home/manuel/Projekte/unix-toolbox.js/modules/libassuan/src/../../libgpg-error/src/src/  -Wl,-rpath -Wl,/foo conftest.c  >&5
configure:10920: $? = 0
configure:11154: result: GNU/Linux ld.so
configure:11261: checking how to hardcode library paths into programs
configure:11286: result: immediate
configure:11826: checking whether stripping libraries is possible
configure:11831: result: yes
configure:11866: checking if libtool supports shared libraries
configure:11868: result: yes
configure:11871: checking whether to build shared libraries
configure:11892: result: yes
configure:11895: checking whether to build static libraries
configure:11899: result: yes
configure:11977: checking for windres
configure:12007: result: no
configure:12167: checking for gawk
configure:12194: result: mawk
configure:12253: checking for gcc
configure:12280: result: /home/manuel/lib/emscripten/emcc
configure:12509: checking for C compiler version
configure:12518: /home/manuel/lib/emscripten/emcc --version >&5
emcc (Emscripten GCC-like replacement) 1.3.1 (commit 68760ff153ef0835f72facf4d6ad07e5bae23b72)
Copyright (C) 2013 the Emscripten authors (see AUTHORS.txt)
This is free and open source software under the MIT license.
There is NO warranty; not even for MERCHANTABILITY or FITNESS FOR A PARTICULAR PURPOSE.
  
configure:12529: $? = 0
configure:12518: /home/manuel/lib/emscripten/emcc -v >&5
emcc (Emscripten GCC-like replacement + linker emulating GNU ld ) 2.0
clang version 3.2 (tags/RELEASE_32/final)
Target: i386-pc-linux-gnu
Thread model: posix
configure:12529: $? = 0
configure:12518: /home/manuel/lib/emscripten/emcc -V >&5
clang: error: unsupported option '-V -nostdinc'
clang: error: no input files
configure:12529: $? = 1
configure:12518: /home/manuel/lib/emscripten/emcc -qversion >&5
clang: error: no input files
configure:12529: $? = 1
configure:12533: checking whether we are using the GNU C compiler
configure:12561: result: yes
configure:12570: checking whether /home/manuel/lib/emscripten/emcc accepts -g
configure:12631: result: yes
configure:12648: checking for /home/manuel/lib/emscripten/emcc option to accept ISO C89
configure:12724: result: none needed
configure:12746: checking dependency style of /home/manuel/lib/emscripten/emcc
configure:12857: result: gcc3
configure:12877: checking how to run the C preprocessor
configure:12947: result: /home/manuel/lib/emscripten/emcc -E
configure:12967: /home/manuel/lib/emscripten/emcc -E -I/home/manuel/Projekte/unix-toolbox.js/modules/libassuan/src/../../libgpg-error/src/src/ conftest.c
configure:12967: $? = 0
configure:12981: /home/manuel/lib/emscripten/emcc -E -I/home/manuel/Projekte/unix-toolbox.js/modules/libassuan/src/../../libgpg-error/src/src/ conftest.c
conftest.c:31:10: fatal error: 'ac_nonexistent.h' file not found
#include <ac_nonexistent.h>
         ^
1 error generated.
configure:12981: $? = 1
configure: failed program was:
| /* confdefs.h */
| #define PACKAGE_NAME "libassuan"
| #define PACKAGE_TARNAME "libassuan"
| #define PACKAGE_VERSION "2.1.0"
| #define PACKAGE_STRING "libassuan 2.1.0"
| #define PACKAGE_BUGREPORT "http://bugs.gnupg.org"
| #define PACKAGE_URL ""
| #define PACKAGE "libassuan"
| #define VERSION "2.1.0"
| #define STDC_HEADERS 1
| #define HAVE_SYS_TYPES_H 1
| #define HAVE_SYS_STAT_H 1
| #define HAVE_STDLIB_H 1
| #define HAVE_STRING_H 1
| #define HAVE_MEMORY_H 1
| #define HAVE_STRINGS_H 1
| #define HAVE_INTTYPES_H 1
| #define HAVE_STDINT_H 1
| #define HAVE_UNISTD_H 1
| #define __EXTENSIONS__ 1
| #define _ALL_SOURCE 1
| #define _GNU_SOURCE 1
| #define _POSIX_PTHREAD_SEMANTICS 1
| #define _TANDEM_SOURCE 1
| #define PACKAGE "libassuan"
| #define VERSION "2.1.0"
| #define PACKAGE_BUGREPORT "http://bugs.gnupg.org"
| #define HAVE_DLFCN_H 1
| #define LT_OBJDIR ".libs/"
| /* end confdefs.h.  */
| #include <ac_nonexistent.h>
configure:13010: checking whether /home/manuel/lib/emscripten/emcc and cc understand -c and -o together
configure:13041: /home/manuel/lib/emscripten/emcc -c conftest.c -o conftest2.o >&5
configure:13045: $? = 0
configure:13051: /home/manuel/lib/emscripten/emcc -c conftest.c -o conftest2.o >&5
configure:13055: $? = 0
configure:13066: cc -c conftest.c >&5
configure:13070: $? = 0
configure:13078: cc -c conftest.c -o conftest2.o >&5
configure:13082: $? = 0
configure:13088: cc -c conftest.c -o conftest2.o >&5
configure:13092: $? = 0
configure:13110: result: yes
configure:13139: checking whether ln -s works
configure:13143: result: yes
configure:13150: checking whether make sets $(MAKE)
configure:13172: result: yes
configure:13189: checking for cc for build
configure:13196: result: /home/manuel/lib/emscripten/emcc
configure:13204: checking if gcc supports -Wpointer-arith
configure:13219: /home/manuel/lib/emscripten/emcc -c -Wpointer-arith -I/home/manuel/Projekte/unix-toolbox.js/modules/libassuan/src/../../libgpg-error/src/src/ conftest.c >&5
configure:13219: $? = 0
configure:13225: result: yes
configure:13348: checking for setsockopt
configure:13348: /home/manuel/lib/emscripten/emcc -o conftest  -Wall -Wcast-align -Wshadow -Wstrict-prototypes -Wpointer-arith -fPIC -DPIC -I/home/manuel/Projekte/unix-toolbox.js/modules/libassuan/src/../../libgpg-error/src/src/  conftest.c  >&5
configure:13348: $? = 0
configure:13348: result: yes
configure:13424: checking for ANSI C header files
configure:13528: result: yes
configure:13541: checking for string.h
configure:13541: result: yes
configure:13541: checking locale.h usability
configure:13541: /home/manuel/lib/emscripten/emcc -c  -Wall -Wcast-align -Wshadow -Wstrict-prototypes -Wpointer-arith -fPIC -DPIC -I/home/manuel/Projekte/unix-toolbox.js/modules/libassuan/src/../../libgpg-error/src/src/ conftest.c >&5
configure:13541: $? = 0
configure:13541: result: yes
configure:13541: checking locale.h presence
configure:13541: /home/manuel/lib/emscripten/emcc -E -I/home/manuel/Projekte/unix-toolbox.js/modules/libassuan/src/../../libgpg-error/src/src/ conftest.c
configure:13541: $? = 0
configure:13541: result: yes
configure:13541: checking for locale.h
configure:13541: result: yes
configure:13541: checking sys/uio.h usability
configure:13541: /home/manuel/lib/emscripten/emcc -c  -Wall -Wcast-align -Wshadow -Wstrict-prototypes -Wpointer-arith -fPIC -DPIC -I/home/manuel/Projekte/unix-toolbox.js/modules/libassuan/src/../../libgpg-error/src/src/ conftest.c >&5
configure:13541: $? = 0
configure:13541: result: yes
configure:13541: checking sys/uio.h presence
configure:13541: /home/manuel/lib/emscripten/emcc -E -I/home/manuel/Projekte/unix-toolbox.js/modules/libassuan/src/../../libgpg-error/src/src/ conftest.c
configure:13541: $? = 0
configure:13541: result: yes
configure:13541: checking for sys/uio.h
configure:13541: result: yes
configure:13541: checking for stdint.h
configure:13541: result: yes
configure:13541: checking for inttypes.h
configure:13541: result: yes
configure:13541: checking for sys/types.h
configure:13541: result: yes
configure:13541: checking for sys/stat.h
configure:13541: result: yes
configure:13541: checking for unistd.h
configure:13541: result: yes
configure:13541: checking sys/time.h usability
configure:13541: /home/manuel/lib/emscripten/emcc -c  -Wall -Wcast-align -Wshadow -Wstrict-prototypes -Wpointer-arith -fPIC -DPIC -I/home/manuel/Projekte/unix-toolbox.js/modules/libassuan/src/../../libgpg-error/src/src/ conftest.c >&5
configure:13541: $? = 0
configure:13541: result: yes
configure:13541: checking sys/time.h presence
configure:13541: /home/manuel/lib/emscripten/emcc -E -I/home/manuel/Projekte/unix-toolbox.js/modules/libassuan/src/../../libgpg-error/src/src/ conftest.c
configure:13541: $? = 0
configure:13541: result: yes
configure:13541: checking for sys/time.h
configure:13541: result: yes
configure:13541: checking fcntl.h usability
configure:13541: /home/manuel/lib/emscripten/emcc -c  -Wall -Wcast-align -Wshadow -Wstrict-prototypes -Wpointer-arith -fPIC -DPIC -I/home/manuel/Projekte/unix-toolbox.js/modules/libassuan/src/../../libgpg-error/src/src/ conftest.c >&5
configure:13541: $? = 0
configure:13541: result: yes
configure:13541: checking fcntl.h presence
configure:13541: /home/manuel/lib/emscripten/emcc -E -I/home/manuel/Projekte/unix-toolbox.js/modules/libassuan/src/../../libgpg-error/src/src/ conftest.c
configure:13541: $? = 0
configure:13541: result: yes
configure:13541: checking for fcntl.h
configure:13541: result: yes
configure:13541: checking sys/select.h usability
configure:13541: /home/manuel/lib/emscripten/emcc -c  -Wall -Wcast-align -Wshadow -Wstrict-prototypes -Wpointer-arith -fPIC -DPIC -I/home/manuel/Projekte/unix-toolbox.js/modules/libassuan/src/../../libgpg-error/src/src/ conftest.c >&5
configure:13541: $? = 0
configure:13541: result: yes
configure:13541: checking sys/select.h presence
configure:13541: /home/manuel/lib/emscripten/emcc -E -I/home/manuel/Projekte/unix-toolbox.js/modules/libassuan/src/../../libgpg-error/src/src/ conftest.c
configure:13541: $? = 0
configure:13541: result: yes
configure:13541: checking for sys/select.h
configure:13541: result: yes
configure:13552: checking for uintptr_t
configure:13552: /home/manuel/lib/emscripten/emcc -c  -Wall -Wcast-align -Wshadow -Wstrict-prototypes -Wpointer-arith -fPIC -DPIC -I/home/manuel/Projekte/unix-toolbox.js/modules/libassuan/src/../../libgpg-error/src/src/ conftest.c >&5
configure:13552: $? = 0
configure:13552: /home/manuel/lib/emscripten/emcc -c  -Wall -Wcast-align -Wshadow -Wstrict-prototypes -Wpointer-arith -fPIC -DPIC -I/home/manuel/Projekte/unix-toolbox.js/modules/libassuan/src/../../libgpg-error/src/src/ conftest.c >&5
conftest.c:81:24: error: expected expression
if (sizeof ((uintptr_t)))
                       ^
1 error generated.
configure:13552: $? = 1
configure: failed program was:
| /* confdefs.h */
| #define PACKAGE_NAME "libassuan"
| #define PACKAGE_TARNAME "libassuan"
| #define PACKAGE_VERSION "2.1.0"
| #define PACKAGE_STRING "libassuan 2.1.0"
| #define PACKAGE_BUGREPORT "http://bugs.gnupg.org"
| #define PACKAGE_URL ""
| #define PACKAGE "libassuan"
| #define VERSION "2.1.0"
| #define STDC_HEADERS 1
| #define HAVE_SYS_TYPES_H 1
| #define HAVE_SYS_STAT_H 1
| #define HAVE_STDLIB_H 1
| #define HAVE_STRING_H 1
| #define HAVE_MEMORY_H 1
| #define HAVE_STRINGS_H 1
| #define HAVE_INTTYPES_H 1
| #define HAVE_STDINT_H 1
| #define HAVE_UNISTD_H 1
| #define __EXTENSIONS__ 1
| #define _ALL_SOURCE 1
| #define _GNU_SOURCE 1
| #define _POSIX_PTHREAD_SEMANTICS 1
| #define _TANDEM_SOURCE 1
| #define PACKAGE "libassuan"
| #define VERSION "2.1.0"
| #define PACKAGE_BUGREPORT "http://bugs.gnupg.org"
| #define HAVE_DLFCN_H 1
| #define LT_OBJDIR ".libs/"
| #define BUILD_REVISION "7d227ac"
| #define BUILD_TIMESTAMP "2013-05-05T15:55+0000"
| #define STDC_HEADERS 1
| #define HAVE_STRING_H 1
| #define HAVE_LOCALE_H 1
| #define HAVE_SYS_UIO_H 1
| #define HAVE_STDINT_H 1
| #define HAVE_INTTYPES_H 1
| #define HAVE_SYS_TYPES_H 1
| #define HAVE_SYS_STAT_H 1
| #define HAVE_UNISTD_H 1
| #define HAVE_SYS_TIME_H 1
| #define HAVE_FCNTL_H 1
| #define HAVE_SYS_SELECT_H 1
| /* end confdefs.h.  */
| #include <stdio.h>
| #ifdef HAVE_SYS_TYPES_H
| # include <sys/types.h>
| #endif
| #ifdef HAVE_SYS_STAT_H
| # include <sys/stat.h>
| #endif
| #ifdef STDC_HEADERS
| # include <stdlib.h>
| # include <stddef.h>
| #else
| # ifdef HAVE_STDLIB_H
| #  include <stdlib.h>
| # endif
| #endif
| #ifdef HAVE_STRING_H
| # if !defined STDC_HEADERS && defined HAVE_MEMORY_H
| #  include <memory.h>
| # endif
| # include <string.h>
| #endif
| #ifdef HAVE_STRINGS_H
| # include <strings.h>
| #endif
| #ifdef HAVE_INTTYPES_H
| # include <inttypes.h>
| #endif
| #ifdef HAVE_STDINT_H
| # include <stdint.h>
| #endif
| #ifdef HAVE_UNISTD_H
| # include <unistd.h>
| #endif
| int
| main ()
| {
| if (sizeof ((uintptr_t)))
| 	    return 0;
|   ;
|   return 0;
| }
configure:13552: result: yes
configure:13588: checking for uint16_t
configure:13588: /home/manuel/lib/emscripten/emcc -c  -Wall -Wcast-align -Wshadow -Wstrict-prototypes -Wpointer-arith -fPIC -DPIC -I/home/manuel/Projekte/unix-toolbox.js/modules/libassuan/src/../../libgpg-error/src/src/ conftest.c >&5
configure:13588: $? = 0
configure:13588: result: yes
configure:13604: checking for an ANSI C-conforming const
configure:13670: /home/manuel/lib/emscripten/emcc -c  -Wall -Wcast-align -Wshadow -Wstrict-prototypes -Wpointer-arith -fPIC -DPIC -I/home/manuel/Projekte/unix-toolbox.js/modules/libassuan/src/../../libgpg-error/src/src/ conftest.c >&5
configure:13670: $? = 0
configure:13677: result: yes
configure:13685: checking for inline
configure:13701: /home/manuel/lib/emscripten/emcc -c  -Wall -Wcast-align -Wshadow -Wstrict-prototypes -Wpointer-arith -fPIC -DPIC -I/home/manuel/Projekte/unix-toolbox.js/modules/libassuan/src/../../libgpg-error/src/src/ conftest.c >&5
configure:13701: $? = 0
configure:13709: result: inline
configure:13727: checking for size_t
configure:13727: /home/manuel/lib/emscripten/emcc -c  -Wall -Wcast-align -Wshadow -Wstrict-prototypes -Wpointer-arith -fPIC -DPIC -I/home/manuel/Projekte/unix-toolbox.js/modules/libassuan/src/../../libgpg-error/src/src/ conftest.c >&5
configure:13727: $? = 0
configure:13727: /home/manuel/lib/emscripten/emcc -c  -Wall -Wcast-align -Wshadow -Wstrict-prototypes -Wpointer-arith -fPIC -DPIC -I/home/manuel/Projekte/unix-toolbox.js/modules/libassuan/src/../../libgpg-error/src/src/ conftest.c >&5
conftest.c:82:21: error: expected expression
if (sizeof ((size_t)))
                    ^
1 error generated.
configure:13727: $? = 1
configure: failed program was:
| /* confdefs.h */
| #define PACKAGE_NAME "libassuan"
| #define PACKAGE_TARNAME "libassuan"
| #define PACKAGE_VERSION "2.1.0"
| #define PACKAGE_STRING "libassuan 2.1.0"
| #define PACKAGE_BUGREPORT "http://bugs.gnupg.org"
| #define PACKAGE_URL ""
| #define PACKAGE "libassuan"
| #define VERSION "2.1.0"
| #define STDC_HEADERS 1
| #define HAVE_SYS_TYPES_H 1
| #define HAVE_SYS_STAT_H 1
| #define HAVE_STDLIB_H 1
| #define HAVE_STRING_H 1
| #define HAVE_MEMORY_H 1
| #define HAVE_STRINGS_H 1
| #define HAVE_INTTYPES_H 1
| #define HAVE_STDINT_H 1
| #define HAVE_UNISTD_H 1
| #define __EXTENSIONS__ 1
| #define _ALL_SOURCE 1
| #define _GNU_SOURCE 1
| #define _POSIX_PTHREAD_SEMANTICS 1
| #define _TANDEM_SOURCE 1
| #define PACKAGE "libassuan"
| #define VERSION "2.1.0"
| #define PACKAGE_BUGREPORT "http://bugs.gnupg.org"
| #define HAVE_DLFCN_H 1
| #define LT_OBJDIR ".libs/"
| #define BUILD_REVISION "7d227ac"
| #define BUILD_TIMESTAMP "2013-05-05T15:55+0000"
| #define STDC_HEADERS 1
| #define HAVE_STRING_H 1
| #define HAVE_LOCALE_H 1
| #define HAVE_SYS_UIO_H 1
| #define HAVE_STDINT_H 1
| #define HAVE_INTTYPES_H 1
| #define HAVE_SYS_TYPES_H 1
| #define HAVE_SYS_STAT_H 1
| #define HAVE_UNISTD_H 1
| #define HAVE_SYS_TIME_H 1
| #define HAVE_FCNTL_H 1
| #define HAVE_SYS_SELECT_H 1
| #define HAVE_UINTPTR_T 1
| /* end confdefs.h.  */
| #include <stdio.h>
| #ifdef HAVE_SYS_TYPES_H
| # include <sys/types.h>
| #endif
| #ifdef HAVE_SYS_STAT_H
| # include <sys/stat.h>
| #endif
| #ifdef STDC_HEADERS
| # include <stdlib.h>
| # include <stddef.h>
| #else
| # ifdef HAVE_STDLIB_H
| #  include <stdlib.h>
| # endif
| #endif
| #ifdef HAVE_STRING_H
| # if !defined STDC_HEADERS && defined HAVE_MEMORY_H
| #  include <memory.h>
| # endif
| # include <string.h>
| #endif
| #ifdef HAVE_STRINGS_H
| # include <strings.h>
| #endif
| #ifdef HAVE_INTTYPES_H
| # include <inttypes.h>
| #endif
| #ifdef HAVE_STDINT_H
| # include <stdint.h>
| #endif
| #ifdef HAVE_UNISTD_H
| # include <unistd.h>
| #endif
| int
| main ()
| {
| if (sizeof ((size_t)))
| 	    return 0;
|   ;
|   return 0;
| }
configure:13727: result: yes
configure:13738: checking return type of signal handlers
configure:13756: /home/manuel/lib/emscripten/emcc -c  -Wall -Wcast-align -Wshadow -Wstrict-prototypes -Wpointer-arith -fPIC -DPIC -I/home/manuel/Projekte/unix-toolbox.js/modules/libassuan/src/../../libgpg-error/src/src/ conftest.c >&5
conftest.c:52:8: error: indirection requires pointer operand ('void' invalid)
return *(signal (0, 0)) (0) == 1;
       ^~~~~~~~~~~~~~~~~~~~
1 error generated.
configure:13756: $? = 1
configure: failed program was:
| /* confdefs.h */
| #define PACKAGE_NAME "libassuan"
| #define PACKAGE_TARNAME "libassuan"
| #define PACKAGE_VERSION "2.1.0"
| #define PACKAGE_STRING "libassuan 2.1.0"
| #define PACKAGE_BUGREPORT "http://bugs.gnupg.org"
| #define PACKAGE_URL ""
| #define PACKAGE "libassuan"
| #define VERSION "2.1.0"
| #define STDC_HEADERS 1
| #define HAVE_SYS_TYPES_H 1
| #define HAVE_SYS_STAT_H 1
| #define HAVE_STDLIB_H 1
| #define HAVE_STRING_H 1
| #define HAVE_MEMORY_H 1
| #define HAVE_STRINGS_H 1
| #define HAVE_INTTYPES_H 1
| #define HAVE_STDINT_H 1
| #define HAVE_UNISTD_H 1
| #define __EXTENSIONS__ 1
| #define _ALL_SOURCE 1
| #define _GNU_SOURCE 1
| #define _POSIX_PTHREAD_SEMANTICS 1
| #define _TANDEM_SOURCE 1
| #define PACKAGE "libassuan"
| #define VERSION "2.1.0"
| #define PACKAGE_BUGREPORT "http://bugs.gnupg.org"
| #define HAVE_DLFCN_H 1
| #define LT_OBJDIR ".libs/"
| #define BUILD_REVISION "7d227ac"
| #define BUILD_TIMESTAMP "2013-05-05T15:55+0000"
| #define STDC_HEADERS 1
| #define HAVE_STRING_H 1
| #define HAVE_LOCALE_H 1
| #define HAVE_SYS_UIO_H 1
| #define HAVE_STDINT_H 1
| #define HAVE_INTTYPES_H 1
| #define HAVE_SYS_TYPES_H 1
| #define HAVE_SYS_STAT_H 1
| #define HAVE_UNISTD_H 1
| #define HAVE_SYS_TIME_H 1
| #define HAVE_FCNTL_H 1
| #define HAVE_SYS_SELECT_H 1
| #define HAVE_UINTPTR_T 1
| /* end confdefs.h.  */
| #include <sys/types.h>
| #include <signal.h>
| 
| int
| main ()
| {
| return *(signal (0, 0)) (0) == 1;
|   ;
|   return 0;
| }
configure:13763: result: void
configure:13771: checking whether sys_siglist is declared
configure:13771: /home/manuel/lib/emscripten/emcc -c  -Wall -Wcast-align -Wshadow -Wstrict-prototypes -Wpointer-arith -fPIC -DPIC -I/home/manuel/Projekte/unix-toolbox.js/modules/libassuan/src/../../libgpg-error/src/src/ conftest.c >&5
conftest.c:61:10: error: use of undeclared identifier 'sys_siglist'
  (void) sys_siglist;
         ^
1 error generated.
configure:13771: $? = 1
configure: failed program was:
| /* confdefs.h */
| #define PACKAGE_NAME "libassuan"
| #define PACKAGE_TARNAME "libassuan"
| #define PACKAGE_VERSION "2.1.0"
| #define PACKAGE_STRING "libassuan 2.1.0"
| #define PACKAGE_BUGREPORT "http://bugs.gnupg.org"
| #define PACKAGE_URL ""
| #define PACKAGE "libassuan"
| #define VERSION "2.1.0"
| #define STDC_HEADERS 1
| #define HAVE_SYS_TYPES_H 1
| #define HAVE_SYS_STAT_H 1
| #define HAVE_STDLIB_H 1
| #define HAVE_STRING_H 1
| #define HAVE_MEMORY_H 1
| #define HAVE_STRINGS_H 1
| #define HAVE_INTTYPES_H 1
| #define HAVE_STDINT_H 1
| #define HAVE_UNISTD_H 1
| #define __EXTENSIONS__ 1
| #define _ALL_SOURCE 1
| #define _GNU_SOURCE 1
| #define _POSIX_PTHREAD_SEMANTICS 1
| #define _TANDEM_SOURCE 1
| #define PACKAGE "libassuan"
| #define VERSION "2.1.0"
| #define PACKAGE_BUGREPORT "http://bugs.gnupg.org"
| #define HAVE_DLFCN_H 1
| #define LT_OBJDIR ".libs/"
| #define BUILD_REVISION "7d227ac"
| #define BUILD_TIMESTAMP "2013-05-05T15:55+0000"
| #define STDC_HEADERS 1
| #define HAVE_STRING_H 1
| #define HAVE_LOCALE_H 1
| #define HAVE_SYS_UIO_H 1
| #define HAVE_STDINT_H 1
| #define HAVE_INTTYPES_H 1
| #define HAVE_SYS_TYPES_H 1
| #define HAVE_SYS_STAT_H 1
| #define HAVE_UNISTD_H 1
| #define HAVE_SYS_TIME_H 1
| #define HAVE_FCNTL_H 1
| #define HAVE_SYS_SELECT_H 1
| #define HAVE_UINTPTR_T 1
| #define RETSIGTYPE void
| /* end confdefs.h.  */
| #include <signal.h>
| /* NetBSD declares sys_siglist in unistd.h.  */
| #ifdef HAVE_UNISTD_H
| # include <unistd.h>
| #endif
| 
| 
| int
| main ()
| {
| #ifndef sys_siglist
| #ifdef __cplusplus
|   (void) sys_siglist;
| #else
|   (void) sys_siglist;
| #endif
| #endif
| 
|   ;
|   return 0;
| }
configure:13771: result: no
configure:13793: checking sys/socket.h usability
configure:13793: /home/manuel/lib/emscripten/emcc -c  -Wall -Wcast-align -Wshadow -Wstrict-prototypes -Wpointer-arith -fPIC -DPIC -I/home/manuel/Projekte/unix-toolbox.js/modules/libassuan/src/../../libgpg-error/src/src/ conftest.c >&5
configure:13793: $? = 0
configure:13793: result: yes
configure:13793: checking sys/socket.h presence
configure:13793: /home/manuel/lib/emscripten/emcc -E -I/home/manuel/Projekte/unix-toolbox.js/modules/libassuan/src/../../libgpg-error/src/src/ conftest.c
configure:13793: $? = 0
configure:13793: result: yes
configure:13793: checking for sys/socket.h
configure:13793: result: yes
configure:13832: checking for socklen_t
configure:13832: /home/manuel/lib/emscripten/emcc -c  -Wall -Wcast-align -Wshadow -Wstrict-prototypes -Wpointer-arith -fPIC -DPIC -I/home/manuel/Projekte/unix-toolbox.js/modules/libassuan/src/../../libgpg-error/src/src/ conftest.c >&5
configure:13832: $? = 0
configure:13832: /home/manuel/lib/emscripten/emcc -c  -Wall -Wcast-align -Wshadow -Wstrict-prototypes -Wpointer-arith -fPIC -DPIC -I/home/manuel/Projekte/unix-toolbox.js/modules/libassuan/src/../../libgpg-error/src/src/ conftest.c >&5
conftest.c:59:24: error: expected expression
if (sizeof ((socklen_t)))
                       ^
1 error generated.
configure:13832: $? = 1
configure: failed program was:
| /* confdefs.h */
| #define PACKAGE_NAME "libassuan"
| #define PACKAGE_TARNAME "libassuan"
| #define PACKAGE_VERSION "2.1.0"
| #define PACKAGE_STRING "libassuan 2.1.0"
| #define PACKAGE_BUGREPORT "http://bugs.gnupg.org"
| #define PACKAGE_URL ""
| #define PACKAGE "libassuan"
| #define VERSION "2.1.0"
| #define STDC_HEADERS 1
| #define HAVE_SYS_TYPES_H 1
| #define HAVE_SYS_STAT_H 1
| #define HAVE_STDLIB_H 1
| #define HAVE_STRING_H 1
| #define HAVE_MEMORY_H 1
| #define HAVE_STRINGS_H 1
| #define HAVE_INTTYPES_H 1
| #define HAVE_STDINT_H 1
| #define HAVE_UNISTD_H 1
| #define __EXTENSIONS__ 1
| #define _ALL_SOURCE 1
| #define _GNU_SOURCE 1
| #define _POSIX_PTHREAD_SEMANTICS 1
| #define _TANDEM_SOURCE 1
| #define PACKAGE "libassuan"
| #define VERSION "2.1.0"
| #define PACKAGE_BUGREPORT "http://bugs.gnupg.org"
| #define HAVE_DLFCN_H 1
| #define LT_OBJDIR ".libs/"
| #define BUILD_REVISION "7d227ac"
| #define BUILD_TIMESTAMP "2013-05-05T15:55+0000"
| #define STDC_HEADERS 1
| #define HAVE_STRING_H 1
| #define HAVE_LOCALE_H 1
| #define HAVE_SYS_UIO_H 1
| #define HAVE_STDINT_H 1
| #define HAVE_INTTYPES_H 1
| #define HAVE_SYS_TYPES_H 1
| #define HAVE_SYS_STAT_H 1
| #define HAVE_UNISTD_H 1
| #define HAVE_SYS_TIME_H 1
| #define HAVE_FCNTL_H 1
| #define HAVE_SYS_SELECT_H 1
| #define HAVE_UINTPTR_T 1
| #define RETSIGTYPE void
| #define HAVE_DECL_SYS_SIGLIST 0
| #define HAVE_SYS_SOCKET_H 1
| /* end confdefs.h.  */
| #include <sys/types.h>
|       #if HAVE_SYS_SOCKET_H
|       # include <sys/socket.h>
|       #elif HAVE_WS2TCPIP_H
|       # include <ws2tcpip.h>
|       #endif
| 
| int
| main ()
| {
| if (sizeof ((socklen_t)))
| 	    return 0;
|   ;
|   return 0;
| }
configure:13832: result: yes
configure:13891: checking for struct cmsghdr.cmsg_len
configure:13891: /home/manuel/lib/emscripten/emcc -c  -Wall -Wcast-align -Wshadow -Wstrict-prototypes -Wpointer-arith -fPIC -DPIC -I/home/manuel/Projekte/unix-toolbox.js/modules/libassuan/src/../../libgpg-error/src/src/ conftest.c >&5
conftest.c:65:23: error: variable has incomplete type 'struct cmsghdr'
static struct cmsghdr ac_aggr;
                      ^
conftest.c:65:15: note: forward declaration of 'struct cmsghdr'
static struct cmsghdr ac_aggr;
              ^
1 error generated.
configure:13891: $? = 1
configure: failed program was:
| /* confdefs.h */
| #define PACKAGE_NAME "libassuan"
| #define PACKAGE_TARNAME "libassuan"
| #define PACKAGE_VERSION "2.1.0"
| #define PACKAGE_STRING "libassuan 2.1.0"
| #define PACKAGE_BUGREPORT "http://bugs.gnupg.org"
| #define PACKAGE_URL ""
| #define PACKAGE "libassuan"
| #define VERSION "2.1.0"
| #define STDC_HEADERS 1
| #define HAVE_SYS_TYPES_H 1
| #define HAVE_SYS_STAT_H 1
| #define HAVE_STDLIB_H 1
| #define HAVE_STRING_H 1
| #define HAVE_MEMORY_H 1
| #define HAVE_STRINGS_H 1
| #define HAVE_INTTYPES_H 1
| #define HAVE_STDINT_H 1
| #define HAVE_UNISTD_H 1
| #define __EXTENSIONS__ 1
| #define _ALL_SOURCE 1
| #define _GNU_SOURCE 1
| #define _POSIX_PTHREAD_SEMANTICS 1
| #define _TANDEM_SOURCE 1
| #define PACKAGE "libassuan"
| #define VERSION "2.1.0"
| #define PACKAGE_BUGREPORT "http://bugs.gnupg.org"
| #define HAVE_DLFCN_H 1
| #define LT_OBJDIR ".libs/"
| #define BUILD_REVISION "7d227ac"
| #define BUILD_TIMESTAMP "2013-05-05T15:55+0000"
| #define STDC_HEADERS 1
| #define HAVE_STRING_H 1
| #define HAVE_LOCALE_H 1
| #define HAVE_SYS_UIO_H 1
| #define HAVE_STDINT_H 1
| #define HAVE_INTTYPES_H 1
| #define HAVE_SYS_TYPES_H 1
| #define HAVE_SYS_STAT_H 1
| #define HAVE_UNISTD_H 1
| #define HAVE_SYS_TIME_H 1
| #define HAVE_FCNTL_H 1
| #define HAVE_SYS_SELECT_H 1
| #define HAVE_UINTPTR_T 1
| #define RETSIGTYPE void
| #define HAVE_DECL_SYS_SIGLIST 0
| #define HAVE_SYS_SOCKET_H 1
| /* end confdefs.h.  */
| 
| #include <stdlib.h>
| #include <stddef.h>
| #include <stdio.h>
| #include <sys/types.h>
| #include <sys/socket.h>
| #include <sys/un.h>
| #if HAVE_SYS_UIO_H
| #include <sys/uio.h>
| #endif
| #include <unistd.h>
| 
| 
| int
| main ()
| {
| static struct cmsghdr ac_aggr;
| if (ac_aggr.cmsg_len)
| return 0;
|   ;
|   return 0;
| }
configure:13891: /home/manuel/lib/emscripten/emcc -c  -Wall -Wcast-align -Wshadow -Wstrict-prototypes -Wpointer-arith -fPIC -DPIC -I/home/manuel/Projekte/unix-toolbox.js/modules/libassuan/src/../../libgpg-error/src/src/ conftest.c >&5
conftest.c:65:23: error: variable has incomplete type 'struct cmsghdr'
static struct cmsghdr ac_aggr;
                      ^
conftest.c:65:15: note: forward declaration of 'struct cmsghdr'
static struct cmsghdr ac_aggr;
              ^
1 error generated.
configure:13891: $? = 1
configure: failed program was:
| /* confdefs.h */
| #define PACKAGE_NAME "libassuan"
| #define PACKAGE_TARNAME "libassuan"
| #define PACKAGE_VERSION "2.1.0"
| #define PACKAGE_STRING "libassuan 2.1.0"
| #define PACKAGE_BUGREPORT "http://bugs.gnupg.org"
| #define PACKAGE_URL ""
| #define PACKAGE "libassuan"
| #define VERSION "2.1.0"
| #define STDC_HEADERS 1
| #define HAVE_SYS_TYPES_H 1
| #define HAVE_SYS_STAT_H 1
| #define HAVE_STDLIB_H 1
| #define HAVE_STRING_H 1
| #define HAVE_MEMORY_H 1
| #define HAVE_STRINGS_H 1
| #define HAVE_INTTYPES_H 1
| #define HAVE_STDINT_H 1
| #define HAVE_UNISTD_H 1
| #define __EXTENSIONS__ 1
| #define _ALL_SOURCE 1
| #define _GNU_SOURCE 1
| #define _POSIX_PTHREAD_SEMANTICS 1
| #define _TANDEM_SOURCE 1
| #define PACKAGE "libassuan"
| #define VERSION "2.1.0"
| #define PACKAGE_BUGREPORT "http://bugs.gnupg.org"
| #define HAVE_DLFCN_H 1
| #define LT_OBJDIR ".libs/"
| #define BUILD_REVISION "7d227ac"
| #define BUILD_TIMESTAMP "2013-05-05T15:55+0000"
| #define STDC_HEADERS 1
| #define HAVE_STRING_H 1
| #define HAVE_LOCALE_H 1
| #define HAVE_SYS_UIO_H 1
| #define HAVE_STDINT_H 1
| #define HAVE_INTTYPES_H 1
| #define HAVE_SYS_TYPES_H 1
| #define HAVE_SYS_STAT_H 1
| #define HAVE_UNISTD_H 1
| #define HAVE_SYS_TIME_H 1
| #define HAVE_FCNTL_H 1
| #define HAVE_SYS_SELECT_H 1
| #define HAVE_UINTPTR_T 1
| #define RETSIGTYPE void
| #define HAVE_DECL_SYS_SIGLIST 0
| #define HAVE_SYS_SOCKET_H 1
| /* end confdefs.h.  */
| 
| #include <stdlib.h>
| #include <stddef.h>
| #include <stdio.h>
| #include <sys/types.h>
| #include <sys/socket.h>
| #include <sys/un.h>
| #if HAVE_SYS_UIO_H
| #include <sys/uio.h>
| #endif
| #include <unistd.h>
| 
| 
| int
| main ()
| {
| static struct cmsghdr ac_aggr;
| if (sizeof ac_aggr.cmsg_len)
| return 0;
|   ;
|   return 0;
| }
configure:13891: result: no
configure:13912: WARNING:
***
*** Data structure for sending ancillary data missing.
*** Descriptor passing won't work.
***
configure:14004: checking for gpg-error-config
configure:14022: found /usr/bin/gpg-error-config
configure:14034: result: /usr/bin/gpg-error-config
configure:14057: checking for GPG Error - version >= 1.8
configure:14084: result: yes (1.10)
configure:14125: checking for flockfile
configure:14125: /home/manuel/lib/emscripten/emcc -o conftest  -Wall -Wcast-align -Wshadow -Wstrict-prototypes -Wpointer-arith -fPIC -DPIC -I/home/manuel/Projekte/unix-toolbox.js/modules/libassuan/src/../../libgpg-error/src/src/  conftest.c  >&5
configure:14125: $? = 0
configure:14125: result: yes
configure:14125: checking for funlockfile
configure:14125: /home/manuel/lib/emscripten/emcc -o conftest  -Wall -Wcast-align -Wshadow -Wstrict-prototypes -Wpointer-arith -fPIC -DPIC -I/home/manuel/Projekte/unix-toolbox.js/modules/libassuan/src/../../libgpg-error/src/src/  conftest.c  >&5
configure:14125: $? = 0
configure:14125: result: yes
configure:14125: checking for inet_pton
configure:14125: /home/manuel/lib/emscripten/emcc -o conftest  -Wall -Wcast-align -Wshadow -Wstrict-prototypes -Wpointer-arith -fPIC -DPIC -I/home/manuel/Projekte/unix-toolbox.js/modules/libassuan/src/../../libgpg-error/src/src/  conftest.c  >&5
configure:14125: $? = 0
configure:14125: result: yes
configure:14139: checking for library containing nanosleep
configure:14170: /home/manuel/lib/emscripten/emcc -o conftest  -Wall -Wcast-align -Wshadow -Wstrict-prototypes -Wpointer-arith -fPIC -DPIC -I/home/manuel/Projekte/unix-toolbox.js/modules/libassuan/src/../../libgpg-error/src/src/  conftest.c  >&5
configure:14170: $? = 0
configure:14187: result: none required
configure:14203: checking for funopen
configure:14203: /home/manuel/lib/emscripten/emcc -o conftest  -Wall -Wcast-align -Wshadow -Wstrict-prototypes -Wpointer-arith -fPIC -DPIC -I/home/manuel/Projekte/unix-toolbox.js/modules/libassuan/src/../../libgpg-error/src/src/  conftest.c  >&5
/tmp/conftest-YUrshW.o: In function `main':
conftest.c:(.text+0x1b): undefined reference to `funopen'
clang: error: linker command failed with exit code 1 (use -v to see invocation)
configure:14203: $? = 1
configure: failed program was:
| /* confdefs.h */
| #define PACKAGE_NAME "libassuan"
| #define PACKAGE_TARNAME "libassuan"
| #define PACKAGE_VERSION "2.1.0"
| #define PACKAGE_STRING "libassuan 2.1.0"
| #define PACKAGE_BUGREPORT "http://bugs.gnupg.org"
| #define PACKAGE_URL ""
| #define PACKAGE "libassuan"
| #define VERSION "2.1.0"
| #define STDC_HEADERS 1
| #define HAVE_SYS_TYPES_H 1
| #define HAVE_SYS_STAT_H 1
| #define HAVE_STDLIB_H 1
| #define HAVE_STRING_H 1
| #define HAVE_MEMORY_H 1
| #define HAVE_STRINGS_H 1
| #define HAVE_INTTYPES_H 1
| #define HAVE_STDINT_H 1
| #define HAVE_UNISTD_H 1
| #define __EXTENSIONS__ 1
| #define _ALL_SOURCE 1
| #define _GNU_SOURCE 1
| #define _POSIX_PTHREAD_SEMANTICS 1
| #define _TANDEM_SOURCE 1
| #define PACKAGE "libassuan"
| #define VERSION "2.1.0"
| #define PACKAGE_BUGREPORT "http://bugs.gnupg.org"
| #define HAVE_DLFCN_H 1
| #define LT_OBJDIR ".libs/"
| #define BUILD_REVISION "7d227ac"
| #define BUILD_TIMESTAMP "2013-05-05T15:55+0000"
| #define STDC_HEADERS 1
| #define HAVE_STRING_H 1
| #define HAVE_LOCALE_H 1
| #define HAVE_SYS_UIO_H 1
| #define HAVE_STDINT_H 1
| #define HAVE_INTTYPES_H 1
| #define HAVE_SYS_TYPES_H 1
| #define HAVE_SYS_STAT_H 1
| #define HAVE_UNISTD_H 1
| #define HAVE_SYS_TIME_H 1
| #define HAVE_FCNTL_H 1
| #define HAVE_SYS_SELECT_H 1
| #define HAVE_UINTPTR_T 1
| #define RETSIGTYPE void
| #define HAVE_DECL_SYS_SIGLIST 0
| #define HAVE_SYS_SOCKET_H 1
| #define HAVE_FLOCKFILE 1
| #define HAVE_FUNLOCKFILE 1
| #define HAVE_INET_PTON 1
| #define HAVE_NANOSLEEP 1
| /* end confdefs.h.  */
| /* Define funopen to an innocuous variant, in case <limits.h> declares funopen.
|    For example, HP-UX 11i <limits.h> declares gettimeofday.  */
| #define funopen innocuous_funopen
| 
| /* System header to define __stub macros and hopefully few prototypes,
|     which can conflict with char funopen (); below.
|     Prefer <limits.h> to <assert.h> if __STDC__ is defined, since
|     <limits.h> exists even on freestanding compilers.  */
| 
| #ifdef __STDC__
| # include <limits.h>
| #else
| # include <assert.h>
| #endif
| 
| #undef funopen
| 
| /* Override any GCC internal prototype to avoid an error.
|    Use char because int might match the return type of a GCC
|    builtin and then its argument prototype would still apply.  */
| #ifdef __cplusplus
| extern "C"
| #endif
| char funopen ();
| /* The GNU C library defines this for functions which it implements
|     to always fail with ENOSYS.  Some functions are actually named
|     something starting with __ and the normal name is an alias.  */
| #if defined __stub_funopen || defined __stub___funopen
| choke me
| #endif
| 
| int
| main ()
| {
| return funopen ();
|   ;
|   return 0;
| }
configure:14203: result: no
configure:14216: checking for fopencookie
configure:14216: /home/manuel/lib/emscripten/emcc -o conftest  -Wall -Wcast-align -Wshadow -Wstrict-prototypes -Wpointer-arith -fPIC -DPIC -I/home/manuel/Projekte/unix-toolbox.js/modules/libassuan/src/../../libgpg-error/src/src/  conftest.c  >&5
configure:14216: $? = 0
configure:14216: result: yes
configure:14249: checking for isascii
configure:14249: /home/manuel/lib/emscripten/emcc -o conftest  -Wall -Wcast-align -Wshadow -Wstrict-prototypes -Wpointer-arith -fPIC -DPIC -I/home/manuel/Projekte/unix-toolbox.js/modules/libassuan/src/../../libgpg-error/src/src/  conftest.c  >&5
configure:14249: $? = 0
configure:14249: result: yes
configure:14263: checking for putc_unlocked
configure:14263: /home/manuel/lib/emscripten/emcc -o conftest  -Wall -Wcast-align -Wshadow -Wstrict-prototypes -Wpointer-arith -fPIC -DPIC -I/home/manuel/Projekte/unix-toolbox.js/modules/libassuan/src/../../libgpg-error/src/src/  conftest.c  >&5
configure:14263: $? = 0
configure:14263: result: yes
configure:14277: checking for memrchr
configure:14277: /home/manuel/lib/emscripten/emcc -o conftest  -Wall -Wcast-align -Wshadow -Wstrict-prototypes -Wpointer-arith -fPIC -DPIC -I/home/manuel/Projekte/unix-toolbox.js/modules/libassuan/src/../../libgpg-error/src/src/  conftest.c  >&5
configure:14277: $? = 0
configure:14277: result: yes
configure:14291: checking for stpcpy
configure:14291: /home/manuel/lib/emscripten/emcc -o conftest  -Wall -Wcast-align -Wshadow -Wstrict-prototypes -Wpointer-arith -fPIC -DPIC -I/home/manuel/Projekte/unix-toolbox.js/modules/libassuan/src/../../libgpg-error/src/src/  conftest.c  >&5
conftest.c:80:6: warning: incompatible redeclaration of library function 'stpcpy'
char stpcpy ();
     ^
conftest.c:80:6: note: 'stpcpy' is a builtin with type 'char *(char *, const char *)'
1 warning generated.
configure:14291: $? = 0
configure:14291: result: yes
configure:14307: checking for unistd.h
configure:14307: result: yes
configure:14317: checking for setenv
configure:14317: /home/manuel/lib/emscripten/emcc -o conftest  -Wall -Wcast-align -Wshadow -Wstrict-prototypes -Wpointer-arith -fPIC -DPIC -I/home/manuel/Projekte/unix-toolbox.js/modules/libassuan/src/../../libgpg-error/src/src/  conftest.c  >&5
configure:14317: $? = 0
configure:14317: result: yes
configure:14331: checking for vasprintf
configure:14331: /home/manuel/lib/emscripten/emcc -o conftest  -Wall -Wcast-align -Wshadow -Wstrict-prototypes -Wpointer-arith -fPIC -DPIC -I/home/manuel/Projekte/unix-toolbox.js/modules/libassuan/src/../../libgpg-error/src/src/  conftest.c  >&5
conftest.c:94:19: warning: format string missing [-Wformat]
return vasprintf ();
       ~~~~~~~~~  ^
1 warning generated.
configure:14331: $? = 0
configure:14331: result: yes
configure:14350: checking for SO_PEERCRED
configure:14368: /home/manuel/lib/emscripten/emcc -c  -Wall -Wcast-align -Wshadow -Wstrict-prototypes -Wpointer-arith -fPIC -DPIC -I/home/manuel/Projekte/unix-toolbox.js/modules/libassuan/src/../../libgpg-error/src/src/ conftest.c >&5
In file included from conftest.c:61:
In file included from /home/manuel/lib/emscripten/system/include/sys/socket.h:5:
/home/manuel/lib/emscripten/system/include/sys/select.h:8:22: error: unknown type name 'fd_set'
int select(int nfds, fd_set *readfds, fd_set *writefds, fd_set *exceptfds, struct timeval *timeout);
                     ^
/home/manuel/lib/emscripten/system/include/sys/select.h:8:39: error: unknown type name 'fd_set'
int select(int nfds, fd_set *readfds, fd_set *writefds, fd_set *exceptfds, struct timeval *timeout);
                                      ^
/home/manuel/lib/emscripten/system/include/sys/select.h:8:57: error: unknown type name 'fd_set'
int select(int nfds, fd_set *readfds, fd_set *writefds, fd_set *exceptfds, struct timeval *timeout);
                                                        ^
In file included from conftest.c:61:
In file included from /home/manuel/lib/emscripten/system/include/sys/socket.h:6:
/home/manuel/lib/emscripten/system/include/sys/uio.h:11:3: error: unknown type name 'size_t'
  size_t  iov_len;
  ^
/home/manuel/lib/emscripten/system/include/sys/uio.h:14:1: error: unknown type name 'ssize_t'
ssize_t readv(int, const struct iovec *, int);
^
/home/manuel/lib/emscripten/system/include/sys/uio.h:15:1: error: unknown type name 'ssize_t'
ssize_t writev(int, const struct iovec *, int);
^
In file included from conftest.c:61:
/home/manuel/lib/emscripten/system/include/sys/socket.h:56:1: error: unknown type name 'ssize_t'
ssize_t recvfrom(int socket, void *buffer, size_t length, int flags, struct sockaddr *address, socklen_t *address_len);
^
/home/manuel/lib/emscripten/system/include/sys/socket.h:56:44: error: unknown type name 'size_t'
ssize_t recvfrom(int socket, void *buffer, size_t length, int flags, struct sockaddr *address, socklen_t *address_len);
                                           ^
/home/manuel/lib/emscripten/system/include/sys/socket.h:66:1: error: unknown type name 'ssize_t'
ssize_t recv(int s, void *buf, size_t len, int flags);
^
/home/manuel/lib/emscripten/system/include/sys/socket.h:66:32: error: unknown type name 'size_t'
ssize_t recv(int s, void *buf, size_t len, int flags);
                               ^
/home/manuel/lib/emscripten/system/include/sys/socket.h:67:1: error: unknown type name 'ssize_t'
ssize_t send(int s, const void *buf, size_t len, int flags);
^
/home/manuel/lib/emscripten/system/include/sys/socket.h:67:38: error: unknown type name 'size_t'
ssize_t send(int s, const void *buf, size_t len, int flags);
                                     ^
/home/manuel/lib/emscripten/system/include/sys/socket.h:69:1: error: unknown type name 'ssize_t'
ssize_t sendto(int s, const void *buf, size_t len, int flags, const struct sockaddr *to, socklen_t tolen);
^
/home/manuel/lib/emscripten/system/include/sys/socket.h:69:40: error: unknown type name 'size_t'
ssize_t sendto(int s, const void *buf, size_t len, int flags, const struct sockaddr *to, socklen_t tolen);
                                       ^
/home/manuel/lib/emscripten/system/include/sys/socket.h:76:3: error: unknown type name 'size_t'
  size_t        msg_iovlen;
  ^
/home/manuel/lib/emscripten/system/include/sys/socket.h:78:3: error: unknown type name 'size_t'
  size_t        msg_controllen;
  ^
conftest.c:65:14: error: variable has incomplete type 'struct ucred'
struct ucred cr;
             ^
conftest.c:65:8: note: forward declaration of 'struct ucred'
struct ucred cr;
       ^
conftest.c:67:38: error: use of undeclared identifier 'SO_PEERCRED'
          getsockopt (1, SOL_SOCKET, SO_PEERCRED, &cr, &cl);
                                     ^
18 errors generated.
configure:14368: $? = 1
configure: failed program was:
| /* confdefs.h */
| #define PACKAGE_NAME "libassuan"
| #define PACKAGE_TARNAME "libassuan"
| #define PACKAGE_VERSION "2.1.0"
| #define PACKAGE_STRING "libassuan 2.1.0"
| #define PACKAGE_BUGREPORT "http://bugs.gnupg.org"
| #define PACKAGE_URL ""
| #define PACKAGE "libassuan"
| #define VERSION "2.1.0"
| #define STDC_HEADERS 1
| #define HAVE_SYS_TYPES_H 1
| #define HAVE_SYS_STAT_H 1
| #define HAVE_STDLIB_H 1
| #define HAVE_STRING_H 1
| #define HAVE_MEMORY_H 1
| #define HAVE_STRINGS_H 1
| #define HAVE_INTTYPES_H 1
| #define HAVE_STDINT_H 1
| #define HAVE_UNISTD_H 1
| #define __EXTENSIONS__ 1
| #define _ALL_SOURCE 1
| #define _GNU_SOURCE 1
| #define _POSIX_PTHREAD_SEMANTICS 1
| #define _TANDEM_SOURCE 1
| #define PACKAGE "libassuan"
| #define VERSION "2.1.0"
| #define PACKAGE_BUGREPORT "http://bugs.gnupg.org"
| #define HAVE_DLFCN_H 1
| #define LT_OBJDIR ".libs/"
| #define BUILD_REVISION "7d227ac"
| #define BUILD_TIMESTAMP "2013-05-05T15:55+0000"
| #define STDC_HEADERS 1
| #define HAVE_STRING_H 1
| #define HAVE_LOCALE_H 1
| #define HAVE_SYS_UIO_H 1
| #define HAVE_STDINT_H 1
| #define HAVE_INTTYPES_H 1
| #define HAVE_SYS_TYPES_H 1
| #define HAVE_SYS_STAT_H 1
| #define HAVE_UNISTD_H 1
| #define HAVE_SYS_TIME_H 1
| #define HAVE_FCNTL_H 1
| #define HAVE_SYS_SELECT_H 1
| #define HAVE_UINTPTR_T 1
| #define RETSIGTYPE void
| #define HAVE_DECL_SYS_SIGLIST 0
| #define HAVE_SYS_SOCKET_H 1
| #define HAVE_FLOCKFILE 1
| #define HAVE_FUNLOCKFILE 1
| #define HAVE_INET_PTON 1
| #define HAVE_NANOSLEEP 1
| #define HAVE_FOPENCOOKIE 1
| #define HAVE_ISASCII 1
| #define HAVE_PUTC_UNLOCKED 1
| #define HAVE_MEMRCHR 1
| #define HAVE_STPCPY 1
| #define HAVE_UNISTD_H 1
| #define HAVE_SETENV 1
| #define HAVE_VASPRINTF 1
| /* end confdefs.h.  */
| #include <sys/socket.h>
| int
| main ()
| {
| struct ucred cr;
|           int cl = sizeof cr;
|           getsockopt (1, SOL_SOCKET, SO_PEERCRED, &cr, &cl);
|   ;
|   return 0;
| }
configure:14377: result: no
configure:14386: checking for LOCAL_PEEREID
configure:14405: /home/manuel/lib/emscripten/emcc -c  -Wall -Wcast-align -Wshadow -Wstrict-prototypes -Wpointer-arith -fPIC -DPIC -I/home/manuel/Projekte/unix-toolbox.js/modules/libassuan/src/../../libgpg-error/src/src/ conftest.c >&5
conftest.c:61:10: fatal error: 'sys/socket.' file not found
#include <sys/socket.>
         ^
1 error generated.
configure:14405: $? = 1
configure: failed program was:
| /* confdefs.h */
| #define PACKAGE_NAME "libassuan"
| #define PACKAGE_TARNAME "libassuan"
| #define PACKAGE_VERSION "2.1.0"
| #define PACKAGE_STRING "libassuan 2.1.0"
| #define PACKAGE_BUGREPORT "http://bugs.gnupg.org"
| #define PACKAGE_URL ""
| #define PACKAGE "libassuan"
| #define VERSION "2.1.0"
| #define STDC_HEADERS 1
| #define HAVE_SYS_TYPES_H 1
| #define HAVE_SYS_STAT_H 1
| #define HAVE_STDLIB_H 1
| #define HAVE_STRING_H 1
| #define HAVE_MEMORY_H 1
| #define HAVE_STRINGS_H 1
| #define HAVE_INTTYPES_H 1
| #define HAVE_STDINT_H 1
| #define HAVE_UNISTD_H 1
| #define __EXTENSIONS__ 1
| #define _ALL_SOURCE 1
| #define _GNU_SOURCE 1
| #define _POSIX_PTHREAD_SEMANTICS 1
| #define _TANDEM_SOURCE 1
| #define PACKAGE "libassuan"
| #define VERSION "2.1.0"
| #define PACKAGE_BUGREPORT "http://bugs.gnupg.org"
| #define HAVE_DLFCN_H 1
| #define LT_OBJDIR ".libs/"
| #define BUILD_REVISION "7d227ac"
| #define BUILD_TIMESTAMP "2013-05-05T15:55+0000"
| #define STDC_HEADERS 1
| #define HAVE_STRING_H 1
| #define HAVE_LOCALE_H 1
| #define HAVE_SYS_UIO_H 1
| #define HAVE_STDINT_H 1
| #define HAVE_INTTYPES_H 1
| #define HAVE_SYS_TYPES_H 1
| #define HAVE_SYS_STAT_H 1
| #define HAVE_UNISTD_H 1
| #define HAVE_SYS_TIME_H 1
| #define HAVE_FCNTL_H 1
| #define HAVE_SYS_SELECT_H 1
| #define HAVE_UINTPTR_T 1
| #define RETSIGTYPE void
| #define HAVE_DECL_SYS_SIGLIST 0
| #define HAVE_SYS_SOCKET_H 1
| #define HAVE_FLOCKFILE 1
| #define HAVE_FUNLOCKFILE 1
| #define HAVE_INET_PTON 1
| #define HAVE_NANOSLEEP 1
| #define HAVE_FOPENCOOKIE 1
| #define HAVE_ISASCII 1
| #define HAVE_PUTC_UNLOCKED 1
| #define HAVE_MEMRCHR 1
| #define HAVE_STPCPY 1
| #define HAVE_UNISTD_H 1
| #define HAVE_SETENV 1
| #define HAVE_VASPRINTF 1
| /* end confdefs.h.  */
| #include <sys/socket.>
|          #include <sys/un.h>
| int
| main ()
| {
| struct unpcbid unp;
|           int unpl = sizeof unp;
|           getsockopt (1, SOL_SOCKET, LOCAL_PEEREID, &unp, &unpl);
|   ;
|   return 0;
| }
configure:14414: result: no
configure:14425: checking for getpeerucred
configure:14425: /home/manuel/lib/emscripten/emcc -o conftest  -Wall -Wcast-align -Wshadow -Wstrict-prototypes -Wpointer-arith -fPIC -DPIC -I/home/manuel/Projekte/unix-toolbox.js/modules/libassuan/src/../../libgpg-error/src/src/  conftest.c  >&5
/tmp/conftest-9D1GZt.o: In function `main':
conftest.c:(.text+0x1b): undefined reference to `getpeerucred'
clang: error: linker command failed with exit code 1 (use -v to see invocation)
configure:14425: $? = 1
configure: failed program was:
| /* confdefs.h */
| #define PACKAGE_NAME "libassuan"
| #define PACKAGE_TARNAME "libassuan"
| #define PACKAGE_VERSION "2.1.0"
| #define PACKAGE_STRING "libassuan 2.1.0"
| #define PACKAGE_BUGREPORT "http://bugs.gnupg.org"
| #define PACKAGE_URL ""
| #define PACKAGE "libassuan"
| #define VERSION "2.1.0"
| #define STDC_HEADERS 1
| #define HAVE_SYS_TYPES_H 1
| #define HAVE_SYS_STAT_H 1
| #define HAVE_STDLIB_H 1
| #define HAVE_STRING_H 1
| #define HAVE_MEMORY_H 1
| #define HAVE_STRINGS_H 1
| #define HAVE_INTTYPES_H 1
| #define HAVE_STDINT_H 1
| #define HAVE_UNISTD_H 1
| #define __EXTENSIONS__ 1
| #define _ALL_SOURCE 1
| #define _GNU_SOURCE 1
| #define _POSIX_PTHREAD_SEMANTICS 1
| #define _TANDEM_SOURCE 1
| #define PACKAGE "libassuan"
| #define VERSION "2.1.0"
| #define PACKAGE_BUGREPORT "http://bugs.gnupg.org"
| #define HAVE_DLFCN_H 1
| #define LT_OBJDIR ".libs/"
| #define BUILD_REVISION "7d227ac"
| #define BUILD_TIMESTAMP "2013-05-05T15:55+0000"
| #define STDC_HEADERS 1
| #define HAVE_STRING_H 1
| #define HAVE_LOCALE_H 1
| #define HAVE_SYS_UIO_H 1
| #define HAVE_STDINT_H 1
| #define HAVE_INTTYPES_H 1
| #define HAVE_SYS_TYPES_H 1
| #define HAVE_SYS_STAT_H 1
| #define HAVE_UNISTD_H 1
| #define HAVE_SYS_TIME_H 1
| #define HAVE_FCNTL_H 1
| #define HAVE_SYS_SELECT_H 1
| #define HAVE_UINTPTR_T 1
| #define RETSIGTYPE void
| #define HAVE_DECL_SYS_SIGLIST 0
| #define HAVE_SYS_SOCKET_H 1
| #define HAVE_FLOCKFILE 1
| #define HAVE_FUNLOCKFILE 1
| #define HAVE_INET_PTON 1
| #define HAVE_NANOSLEEP 1
| #define HAVE_FOPENCOOKIE 1
| #define HAVE_ISASCII 1
| #define HAVE_PUTC_UNLOCKED 1
| #define HAVE_MEMRCHR 1
| #define HAVE_STPCPY 1
| #define HAVE_UNISTD_H 1
| #define HAVE_SETENV 1
| #define HAVE_VASPRINTF 1
| /* end confdefs.h.  */
| /* Define getpeerucred to an innocuous variant, in case <limits.h> declares getpeerucred.
|    For example, HP-UX 11i <limits.h> declares gettimeofday.  */
| #define getpeerucred innocuous_getpeerucred
| 
| /* System header to define __stub macros and hopefully few prototypes,
|     which can conflict with char getpeerucred (); below.
|     Prefer <limits.h> to <assert.h> if __STDC__ is defined, since
|     <limits.h> exists even on freestanding compilers.  */
| 
| #ifdef __STDC__
| # include <limits.h>
| #else
| # include <assert.h>
| #endif
| 
| #undef getpeerucred
| 
| /* Override any GCC internal prototype to avoid an error.
|    Use char because int might match the return type of a GCC
|    builtin and then its argument prototype would still apply.  */
| #ifdef __cplusplus
| extern "C"
| #endif
| char getpeerucred ();
| /* The GNU C library defines this for functions which it implements
|     to always fail with ENOSYS.  Some functions are actually named
|     something starting with __ and the normal name is an alias.  */
| #if defined __stub_getpeerucred || defined __stub___getpeerucred
| choke me
| #endif
| 
| int
| main ()
| {
| return getpeerucred ();
|   ;
|   return 0;
| }
configure:14425: result: no
configure:14449: checking for getpeereid
configure:14449: /home/manuel/lib/emscripten/emcc -o conftest  -Wall -Wcast-align -Wshadow -Wstrict-prototypes -Wpointer-arith -fPIC -DPIC -I/home/manuel/Projekte/unix-toolbox.js/modules/libassuan/src/../../libgpg-error/src/src/  conftest.c  >&5
/tmp/conftest-0jxZTU.o: In function `main':
conftest.c:(.text+0x1b): undefined reference to `getpeereid'
clang: error: linker command failed with exit code 1 (use -v to see invocation)
configure:14449: $? = 1
configure: failed program was:
| /* confdefs.h */
| #define PACKAGE_NAME "libassuan"
| #define PACKAGE_TARNAME "libassuan"
| #define PACKAGE_VERSION "2.1.0"
| #define PACKAGE_STRING "libassuan 2.1.0"
| #define PACKAGE_BUGREPORT "http://bugs.gnupg.org"
| #define PACKAGE_URL ""
| #define PACKAGE "libassuan"
| #define VERSION "2.1.0"
| #define STDC_HEADERS 1
| #define HAVE_SYS_TYPES_H 1
| #define HAVE_SYS_STAT_H 1
| #define HAVE_STDLIB_H 1
| #define HAVE_STRING_H 1
| #define HAVE_MEMORY_H 1
| #define HAVE_STRINGS_H 1
| #define HAVE_INTTYPES_H 1
| #define HAVE_STDINT_H 1
| #define HAVE_UNISTD_H 1
| #define __EXTENSIONS__ 1
| #define _ALL_SOURCE 1
| #define _GNU_SOURCE 1
| #define _POSIX_PTHREAD_SEMANTICS 1
| #define _TANDEM_SOURCE 1
| #define PACKAGE "libassuan"
| #define VERSION "2.1.0"
| #define PACKAGE_BUGREPORT "http://bugs.gnupg.org"
| #define HAVE_DLFCN_H 1
| #define LT_OBJDIR ".libs/"
| #define BUILD_REVISION "7d227ac"
| #define BUILD_TIMESTAMP "2013-05-05T15:55+0000"
| #define STDC_HEADERS 1
| #define HAVE_STRING_H 1
| #define HAVE_LOCALE_H 1
| #define HAVE_SYS_UIO_H 1
| #define HAVE_STDINT_H 1
| #define HAVE_INTTYPES_H 1
| #define HAVE_SYS_TYPES_H 1
| #define HAVE_SYS_STAT_H 1
| #define HAVE_UNISTD_H 1
| #define HAVE_SYS_TIME_H 1
| #define HAVE_FCNTL_H 1
| #define HAVE_SYS_SELECT_H 1
| #define HAVE_UINTPTR_T 1
| #define RETSIGTYPE void
| #define HAVE_DECL_SYS_SIGLIST 0
| #define HAVE_SYS_SOCKET_H 1
| #define HAVE_FLOCKFILE 1
| #define HAVE_FUNLOCKFILE 1
| #define HAVE_INET_PTON 1
| #define HAVE_NANOSLEEP 1
| #define HAVE_FOPENCOOKIE 1
| #define HAVE_ISASCII 1
| #define HAVE_PUTC_UNLOCKED 1
| #define HAVE_MEMRCHR 1
| #define HAVE_STPCPY 1
| #define HAVE_UNISTD_H 1
| #define HAVE_SETENV 1
| #define HAVE_VASPRINTF 1
| /* end confdefs.h.  */
| /* Define getpeereid to an innocuous variant, in case <limits.h> declares getpeereid.
|    For example, HP-UX 11i <limits.h> declares gettimeofday.  */
| #define getpeereid innocuous_getpeereid
| 
| /* System header to define __stub macros and hopefully few prototypes,
|     which can conflict with char getpeereid (); below.
|     Prefer <limits.h> to <assert.h> if __STDC__ is defined, since
|     <limits.h> exists even on freestanding compilers.  */
| 
| #ifdef __STDC__
| # include <limits.h>
| #else
| # include <assert.h>
| #endif
| 
| #undef getpeereid
| 
| /* Override any GCC internal prototype to avoid an error.
|    Use char because int might match the return type of a GCC
|    builtin and then its argument prototype would still apply.  */
| #ifdef __cplusplus
| extern "C"
| #endif
| char getpeereid ();
| /* The GNU C library defines this for functions which it implements
|     to always fail with ENOSYS.  Some functions are actually named
|     something starting with __ and the normal name is an alias.  */
| #if defined __stub_getpeereid || defined __stub___getpeereid
| choke me
| #endif
| 
| int
| main ()
| {
| return getpeereid ();
|   ;
|   return 0;
| }
configure:14449: result: no
configure:14638: creating ./config.status

## ---------------------- ##
## Running config.status. ##
## ---------------------- ##

This file was extended by libassuan config.status 2.1.0, which was
generated by GNU Autoconf 2.69.  Invocation command line was

  CONFIG_FILES    = 
  CONFIG_HEADERS  = 
  CONFIG_LINKS    = 
  CONFIG_COMMANDS = 
  $ ./config.status 

on canttouchthis

config.status:1199: creating Makefile
config.status:1199: creating m4/Makefile
config.status:1199: creating src/Makefile
config.status:1199: creating doc/Makefile
config.status:1199: creating tests/Makefile
config.status:1199: creating src/libassuan-config
config.status:1199: creating src/versioninfo.rc
config.status:1199: creating config.h
config.status:1428: executing depfiles commands
config.status:1428: executing libtool commands

## ---------------- ##
## Cache variables. ##
## ---------------- ##

ac_cv_build=i686-pc-linux-gnu
ac_cv_c_compiler_gnu=yes
ac_cv_c_const=yes
ac_cv_c_inline=inline
ac_cv_c_uint16_t=yes
ac_cv_env_CC_FOR_BUILD_set=
ac_cv_env_CC_FOR_BUILD_value=
ac_cv_env_CC_set=set
ac_cv_env_CC_value=/home/manuel/lib/emscripten/emcc
ac_cv_env_CFLAGS_set=set
ac_cv_env_CFLAGS_value=
ac_cv_env_CPPFLAGS_set=set
ac_cv_env_CPPFLAGS_value=-I/home/manuel/Projekte/unix-toolbox.js/modules/libassuan/src/../../libgpg-error/src/src/
ac_cv_env_CPP_set=
ac_cv_env_CPP_value=
ac_cv_env_LDFLAGS_set=
ac_cv_env_LDFLAGS_value=
ac_cv_env_LIBS_set=
ac_cv_env_LIBS_value=
ac_cv_env_build_alias_set=
ac_cv_env_build_alias_value=
ac_cv_env_host_alias_set=
ac_cv_env_host_alias_value=
ac_cv_env_target_alias_set=
ac_cv_env_target_alias_value=
ac_cv_func_flockfile=yes
ac_cv_func_fopencookie=yes
ac_cv_func_funlockfile=yes
ac_cv_func_funopen=no
ac_cv_func_getpeereid=no
ac_cv_func_getpeerucred=no
ac_cv_func_inet_pton=yes
ac_cv_func_isascii=yes
ac_cv_func_memrchr=yes
ac_cv_func_putc_unlocked=yes
ac_cv_func_setenv=yes
ac_cv_func_setsockopt=yes
ac_cv_func_stpcpy=yes
ac_cv_func_vasprintf=yes
ac_cv_have_decl_sys_siglist=no
ac_cv_header_dlfcn_h=yes
ac_cv_header_fcntl_h=yes
ac_cv_header_inttypes_h=yes
ac_cv_header_locale_h=yes
ac_cv_header_memory_h=yes
ac_cv_header_minix_config_h=no
ac_cv_header_stdc=yes
ac_cv_header_stdint_h=yes
ac_cv_header_stdlib_h=yes
ac_cv_header_string_h=yes
ac_cv_header_strings_h=yes
ac_cv_header_sys_select_h=yes
ac_cv_header_sys_socket_h=yes
ac_cv_header_sys_stat_h=yes
ac_cv_header_sys_time_h=yes
ac_cv_header_sys_types_h=yes
ac_cv_header_sys_uio_h=yes
ac_cv_header_unistd_h=yes
ac_cv_host=i686-pc-linux-gnu
ac_cv_member_struct_cmsghdr_cmsg_len=no
ac_cv_objext=o
ac_cv_path_EGREP='/bin/grep -E'
ac_cv_path_FGREP='/bin/grep -F'
ac_cv_path_GREP=/bin/grep
ac_cv_path_SED=/bin/sed
ac_cv_path_ac_pt_GPG_ERROR_CONFIG=/usr/bin/gpg-error-config
ac_cv_path_install='/usr/bin/install -c'
ac_cv_path_mkdir=/bin/mkdir
ac_cv_prog_AWK=mawk
ac_cv_prog_CPP='/home/manuel/lib/emscripten/emcc -E'
ac_cv_prog_ac_ct_CC=/home/manuel/lib/emscripten/emcc
ac_cv_prog_ac_ct_MANIFEST_TOOL=mt
ac_cv_prog_ac_ct_OBJDUMP=objdump
ac_cv_prog_ac_ct_RANLIB=/home/manuel/lib/emscripten/emranlib
ac_cv_prog_ac_ct_STRIP=strip
ac_cv_prog_cc__home_manuel_lib_emscripten_emcc_c_o=yes
ac_cv_prog_cc_c89=
ac_cv_prog_cc_g=yes
ac_cv_prog_make_make_set=yes
ac_cv_safe_to_define___extensions__=yes
ac_cv_search_nanosleep='none required'
ac_cv_type_signal=void
ac_cv_type_size_t=yes
ac_cv_type_socklen_t=yes
ac_cv_type_uintptr_t=yes
am_cv_CC_dependencies_compiler_type=gcc3
assuan_cv_sys_so_local_peereid=no
assuan_cv_sys_so_peercred=no
lt_cv_ar_at_file=no
lt_cv_archive_cmds_need_lc=no
lt_cv_deplibs_check_method=pass_all
lt_cv_file_magic_cmd='$MAGIC_CMD'
lt_cv_file_magic_test_file=
lt_cv_ld_reload_flag=-r
lt_cv_nm_interface='BSD nm'
lt_cv_objdir=.libs
lt_cv_path_LD=/home/manuel/lib/emscripten/emcc
lt_cv_path_NM='/usr/bin/nm -B'
lt_cv_path_mainfest_tool=no
lt_cv_prog_compiler_c_o=yes
lt_cv_prog_compiler_c_o_RC=yes
lt_cv_prog_compiler_pic='-fPIC -DPIC'
lt_cv_prog_compiler_pic_works=yes
lt_cv_prog_compiler_rtti_exceptions=yes
lt_cv_prog_compiler_static_works=yes
lt_cv_prog_gnu_ld=yes
lt_cv_sharedlib_from_linklib_cmd='printf %s\n'
lt_cv_shlibpath_overrides_runpath=no
lt_cv_sys_global_symbol_pipe='sed -n -e '\''s/^.*[	 ]\([ABCDGIRSTW][ABCDGIRSTW]*\)[	 ][	 ]*\([_A-Za-z][_A-Za-z0-9]*\)$/\1 \2 \2/p'\'' | sed '\''/ __gnu_lto/d'\'''
lt_cv_sys_global_symbol_to_c_name_address='sed -n -e '\''s/^: \([^ ]*\)[ ]*$/  {\"\1\", (void *) 0},/p'\'' -e '\''s/^[ABCDGIRSTW]* \([^ ]*\) \([^ ]*\)$/  {"\2", (void *) \&\2},/p'\'''
lt_cv_sys_global_symbol_to_c_name_address_lib_prefix='sed -n -e '\''s/^: \([^ ]*\)[ ]*$/  {\"\1\", (void *) 0},/p'\'' -e '\''s/^[ABCDGIRSTW]* \([^ ]*\) \(lib[^ ]*\)$/  {"\2", (void *) \&\2},/p'\'' -e '\''s/^[ABCDGIRSTW]* \([^ ]*\) \([^ ]*\)$/  {"lib\2", (void *) \&\2},/p'\'''
lt_cv_sys_global_symbol_to_cdecl='sed -n -e '\''s/^T .* \(.*\)$/extern int \1();/p'\'' -e '\''s/^[ABCDGIRSTW]* .* \(.*\)$/extern char \1;/p'\'''
lt_cv_sys_max_cmd_len=1572864
lt_cv_to_host_file_cmd=func_convert_file_noop
lt_cv_to_tool_file_cmd=func_convert_file_noop

## ----------------- ##
## Output variables. ##
## ----------------- ##

ACLOCAL='${SHELL} /home/manuel/Projekte/unix-toolbox.js/modules/libassuan/src/missing --run aclocal-1.11'
AMDEPBACKSLASH='\'
AMDEP_FALSE='#'
AMDEP_TRUE=''
AMTAR='$${TAR-tar}'
AR='/home/manuel/lib/emscripten/emar'
AS='as'
AUTOCONF='${SHELL} /home/manuel/Projekte/unix-toolbox.js/modules/libassuan/src/missing --run autoconf'
AUTOHEADER='${SHELL} /home/manuel/Projekte/unix-toolbox.js/modules/libassuan/src/missing --run autoheader'
AUTOMAKE='${SHELL} /home/manuel/Projekte/unix-toolbox.js/modules/libassuan/src/missing --run automake-1.11'
AWK='mawk'
BUILD_FILEVERSION='2,1,0,32034'
BUILD_REVISION='7d227ac'
BUILD_TIMESTAMP='2013-05-05T15:55+0000'
CC='/home/manuel/lib/emscripten/emcc'
CCDEPMODE='depmode=gcc3'
CC_FOR_BUILD='/home/manuel/lib/emscripten/emcc'
CFLAGS=' -Wall -Wcast-align -Wshadow -Wstrict-prototypes -Wpointer-arith -fPIC -DPIC'
CPP='/home/manuel/lib/emscripten/emcc -E'
CPPFLAGS='-I/home/manuel/Projekte/unix-toolbox.js/modules/libassuan/src/../../libgpg-error/src/src/'
CYGPATH_W='echo'
DEFS='-DHAVE_CONFIG_H'
DEPDIR='.deps'
DLLTOOL='false'
DSYMUTIL=''
DUMPBIN=''
ECHO_C=''
ECHO_N='-n'
ECHO_T=''
EGREP='/bin/grep -E'
EXEEXT=''
FGREP='/bin/grep -F'
GPG_ERROR_CFLAGS=''
GPG_ERROR_CONFIG='/usr/bin/gpg-error-config'
GPG_ERROR_LIBS='-L/usr/lib/i386-linux-gnu -lgpg-error'
GREP='/bin/grep'
HAVE_LD_VERSION_SCRIPT_FALSE='#'
HAVE_LD_VERSION_SCRIPT_TRUE=''
HAVE_W32CE_SYSTEM_FALSE=''
HAVE_W32CE_SYSTEM_TRUE='#'
HAVE_W32_SYSTEM_FALSE=''
HAVE_W32_SYSTEM_TRUE='#'
HAVE_W64_SYSTEM_FALSE=''
HAVE_W64_SYSTEM_TRUE='#'
INSTALL_DATA='${INSTALL} -m 644'
INSTALL_PROGRAM='${INSTALL}'
INSTALL_SCRIPT='${INSTALL}'
INSTALL_STRIP_PROGRAM='$(install_sh) -c -s'
LD='/home/manuel/lib/emscripten/emcc'
LDFLAGS=''
LIBASSUAN_CONFIG_API_VERSION='2'
LIBASSUAN_CONFIG_CFLAGS=''
LIBASSUAN_CONFIG_EXTRA_LIBS=''
LIBASSUAN_CONFIG_HOST='i686-pc-linux-gnu'
LIBASSUAN_CONFIG_LIB='-lassuan'
LIBASSUAN_LT_AGE='4'
LIBASSUAN_LT_CURRENT='4'
LIBASSUAN_LT_REVISION='0'
LIBOBJS=' ${LIBOBJDIR}funopen$U.o'
LIBS=''
LIBTOOL='$(SHELL) $(top_builddir)/libtool'
LIPO=''
LN_S='ln -s'
LTLIBOBJS=' ${LIBOBJDIR}funopen$U.lo'
MAINT='#'
MAINTAINER_MODE_FALSE=''
MAINTAINER_MODE_TRUE='#'
MAKEINFO='${SHELL} /home/manuel/Projekte/unix-toolbox.js/modules/libassuan/src/missing --run makeinfo'
MANIFEST_TOOL=':'
MKDIR_P='/bin/mkdir -p'
NETLIBS=''
NM='/usr/bin/nm -B'
NMEDIT=''
OBJDUMP='objdump'
OBJEXT='o'
OTOOL64=''
OTOOL=''
PACKAGE='libassuan'
PACKAGE_BUGREPORT='http://bugs.gnupg.org'
PACKAGE_NAME='libassuan'
PACKAGE_STRING='libassuan 2.1.0'
PACKAGE_TARNAME='libassuan'
PACKAGE_URL=''
PACKAGE_VERSION='2.1.0'
PATH_SEPARATOR=':'
RANLIB='/home/manuel/lib/emscripten/emranlib'
RC=''
SED='/bin/sed'
SET_MAKE=''
SHELL='/bin/bash'
STRIP='strip'
SYS_SOCKET_H=''
USE_DESCRIPTOR_PASSING_FALSE=''
USE_DESCRIPTOR_PASSING_TRUE='#'
VERSION='2.1.0'
VERSION_NUMBER='0x020100'
ac_ct_AR=''
ac_ct_CC='/home/manuel/lib/emscripten/emcc'
ac_ct_DUMPBIN=''
am__EXEEXT_FALSE=''
am__EXEEXT_TRUE='#'
am__fastdepCC_FALSE='#'
am__fastdepCC_TRUE=''
am__include='include'
am__isrc=''
am__leading_dot='.'
am__nodep='_no'
am__quote=''
am__tar='$${TAR-tar} chof - "$$tardir"'
am__untar='$${TAR-tar} xf -'
bindir='${exec_prefix}/bin'
build='i686-pc-linux-gnu'
build_alias=''
build_cpu='i686'
build_os='linux-gnu'
build_vendor='pc'
datadir='${datarootdir}'
datarootdir='${prefix}/share'
docdir='${datarootdir}/doc/${PACKAGE_TARNAME}'
dvidir='${docdir}'
exec_prefix='${prefix}'
host='i686-pc-linux-gnu'
host_alias=''
host_cpu='i686'
host_os='linux-gnu'
host_vendor='pc'
htmldir='${docdir}'
includedir='${prefix}/include'
infodir='${datarootdir}/info'
install_sh='${SHELL} /home/manuel/Projekte/unix-toolbox.js/modules/libassuan/src/install-sh'
libdir='${exec_prefix}/lib'
libexecdir='${exec_prefix}/libexec'
localedir='${datarootdir}/locale'
localstatedir='${prefix}/var'
mandir='${datarootdir}/man'
mkdir_p='/bin/mkdir -p'
oldincludedir='/usr/include'
pdfdir='${docdir}'
prefix='/usr/local'
program_transform_name='s,x,x,'
psdir='${docdir}'
sbindir='${exec_prefix}/sbin'
sharedstatedir='${prefix}/com'
sysconfdir='${prefix}/etc'
target_alias=''

## ----------- ##
## confdefs.h. ##
## ----------- ##

/* confdefs.h */
#define PACKAGE_NAME "libassuan"
#define PACKAGE_TARNAME "libassuan"
#define PACKAGE_VERSION "2.1.0"
#define PACKAGE_STRING "libassuan 2.1.0"
#define PACKAGE_BUGREPORT "http://bugs.gnupg.org"
#define PACKAGE_URL ""
#define PACKAGE "libassuan"
#define VERSION "2.1.0"
#define STDC_HEADERS 1
#define HAVE_SYS_TYPES_H 1
#define HAVE_SYS_STAT_H 1
#define HAVE_STDLIB_H 1
#define HAVE_STRING_H 1
#define HAVE_MEMORY_H 1
#define HAVE_STRINGS_H 1
#define HAVE_INTTYPES_H 1
#define HAVE_STDINT_H 1
#define HAVE_UNISTD_H 1
#define __EXTENSIONS__ 1
#define _ALL_SOURCE 1
#define _GNU_SOURCE 1
#define _POSIX_PTHREAD_SEMANTICS 1
#define _TANDEM_SOURCE 1
#define PACKAGE "libassuan"
#define VERSION "2.1.0"
#define PACKAGE_BUGREPORT "http://bugs.gnupg.org"
#define HAVE_DLFCN_H 1
#define LT_OBJDIR ".libs/"
#define BUILD_REVISION "7d227ac"
#define BUILD_TIMESTAMP "2013-05-05T15:55+0000"
#define STDC_HEADERS 1
#define HAVE_STRING_H 1
#define HAVE_LOCALE_H 1
#define HAVE_SYS_UIO_H 1
#define HAVE_STDINT_H 1
#define HAVE_INTTYPES_H 1
#define HAVE_SYS_TYPES_H 1
#define HAVE_SYS_STAT_H 1
#define HAVE_UNISTD_H 1
#define HAVE_SYS_TIME_H 1
#define HAVE_FCNTL_H 1
#define HAVE_SYS_SELECT_H 1
#define HAVE_UINTPTR_T 1
#define RETSIGTYPE void
#define HAVE_DECL_SYS_SIGLIST 0
#define HAVE_SYS_SOCKET_H 1
#define HAVE_FLOCKFILE 1
#define HAVE_FUNLOCKFILE 1
#define HAVE_INET_PTON 1
#define HAVE_NANOSLEEP 1
#define HAVE_FOPENCOOKIE 1
#define HAVE_ISASCII 1
#define HAVE_PUTC_UNLOCKED 1
#define HAVE_MEMRCHR 1
#define HAVE_STPCPY 1
#define HAVE_UNISTD_H 1
#define HAVE_SETENV 1
#define HAVE_VASPRINTF 1

configure: exit 0
